(lp1
(F1313771823.242691
(S'221.133.46.98'
I41333
tp2
I01
S"d1:ad2:id20:\xc5\x04\x10\xfc\xa8\xf5\x9d\xff\x7f\xffj\r\xc6\xd0\xe0\xf2\x14f,\xd49:info_hash20:*\xed\xb9\x9b\x1ey\xe7vC>\xec\xbe\xc6u\xc8G\x04gq$e1:q9:get_peers1:t2:'\x001:v4:NS\x01\x181:y1:qe"
tp3
a(F1313771823.242763
(S'86.136.204.183'
I9456
tp4
I01
S'd1:ad2:id20:\xc5\x04\x10\xfc\xa8\xf5\x9d\xff\x7f\xffj\r\xc6\xd0\xe0\xf2\x14f,\xd49:info_hash20:*\xed\xb9\x9b\x1ey\xe7vC>\xec\xbe\xc6u\xc8G\x04gq$e1:q9:get_peers1:t2:(\x001:v4:NS\x01\x181:y1:qe'
tp5
a(F1313771823.2428291
(S'213.231.24.97'
I21843
tp6
I01
S'd1:ad2:id20:\xc5\x04\x10\xfc\xa8\xf5\x9d\xff\x7f\xffj\r\xc6\xd0\xe0\xf2\x14f,\xd49:info_hash20:*\xed\xb9\x9b\x1ey\xe7vC>\xec\xbe\xc6u\xc8G\x04gq$e1:q9:get_peers1:t2:)\x001:v4:NS\x01\x181:y1:qe'
tp7
a(F1313771823.2428939
(S'68.140.73.159'
I38805
tp8
I01
S'd1:ad2:id20:\xc5\x04\x10\xfc\xa8\xf5\x9d\xff\x7f\xffj\r\xc6\xd0\xe0\xf2\x14f,\xd49:info_hash20:*\xed\xb9\x9b\x1ey\xe7vC>\xec\xbe\xc6u\xc8G\x04gq$e1:q9:get_peers1:t2:*\x001:v4:NS\x01\x181:y1:qe'
tp9
a(F1313771823.312351
(S'213.231.24.97'
I21843
tI00
S'd1:rd2:id20:\xc4\x0c\xc6T\xd3V\x0e\x0cZ\xda\xfb\xf0\xa7\x9e\x12;,\x1f\xdc\xa42:ip4:\x82\xe5\x81s5:nodes208:*\xa4\xc6\x84\xaf\x92\x99`\xbd\x92\xbb!Q\n\xfb}\xe9\xe2\x8e\x00Z\x97bF-\x86+\xa30\xcd~C\x1b\xdfo\xfc\xe7\xbe\xe0\xb0\x88\x1f\xdd\xf5\x94W\x1f\xa3k\xdf\xb9\xd1/\xa6{k\x1c\xca\x90\x0b\tx\x19D\x82\xe0\xf9\xbd\x1a0G\x80.H\xf7J6\xc8\x12\xden\xc4p\x1fl\xed\xc8\xeeY\xd4X"\xde\xc8\xe5\xf5\xc1\xb3S\xb7\xd5\xed,\xb6hW\x19K\xa2x\xbb\xc8eM\xfe+\xa1Y\xcd\x9a\xfc\x8b\xba\xf5Y\x1c\x1c\xa2C\x96mOWi\xf1/\xd6\n\xb7v\xfc\xd7\xd8\xbcT\xe3\x0b\xf5\xd1`_GGZ\xbd\xcef`5\x9a.\xda\x8a\x91\xaa\x81\x8b\xee\xb1Zt\x12\xe6\r\xa2\xf5S\x1e\xdf\xa6b\xa5@\xd7\xa10(\x9e"\xe0\xf7\xec\x0b\xb3\xfe\x17\x0b\x02\xc0<\xb8U\xac\x12\xa5\xb1\xdb\x9a5:token20:\x0e\xca\x85&\xb2Q\xc0\x1b \x86P?\x9e\xcb\xae\\\x8a\xe9\xb8;6:valuesl6:S\x04\xff\x1f3\x15ee1:t2:)\x001:v4:UTct1:y1:re'
tp10
a(F1313771823.3190401
(S'90.151.98.70'
I11654
tp11
I01
S'd1:ad2:id20:\xc5\x04\x10\xfc\xa8\xf5\x9d\xff\x7f\xffj\r\xc6\xd0\xe0\xf2\x14f,\xd49:info_hash20:*\xed\xb9\x9b\x1ey\xe7vC>\xec\xbe\xc6u\xc8G\x04gq$e1:q9:get_peers1:t2:+\x001:v4:NS\x01\x181:y1:qe'
tp12
a(F1313771823.3767879
(S'86.136.204.183'
I9456
tI00
S'd1:rd2:id20:\xc7d1\x0f\x14\xdc\xee\xa6$o,Ifam\x7f\x1b}\xa3\x835:nodes208:+u\r\xbc\x15\xb0\xccq\x87-\xd9g&\x95\xb4\x92fb\xd4-\xd4j4\x0b\xac\xdb*\x14\x83Z o\x8c\x86Et\x10%\x1f\xb6w\xa6\xafJU0\x18\xa6\xf9\x85\xfe\x7f*\xe2\x84N\xfd\xf9\xc4\xc6\xca\xb3\xef~\x90\x0b\xb2!I\xf6\xa5\xb1K)xr\x04\xbf*\xe7\xe9Ri\x95O\x08\x88\x9frA\xed\x8bO\xbe\xec\xd6\xe0dr Nx\x1a\xe1+\x07\xd6,\x10\xd4\xce\xad|\x11\x919O\xa5e\xb9\\3\x8b\xc5m{\x07\x1b[\xa3*4^i\xc1\x96\x88+\xb8\x0bn\xb3\xa4\xeb\xe9)D\xd6\xd7\xc3\xbc\xeb\x86\xa2wZ+5\xef/G\x03\xe1\xd6\xf9\xaa\x13\xab\x81\x8f\xfd\x05MJ\xf3\xc7O\x8cO6{\xa9*\xf5\x0f\xb5+f\x9dh\xfes\xfff\xfa\xf4\xc1}\xda\\\xcc\xa1Y\xb2\x04\xabM\xf55:token20:+\x16\x85\x99\x88\xc0\xb4\xe3y(\xb6\xd1-\xae\x02\xf2\x1eC\xe0\xfce1:t2:(\x001:y1:re'
tp13
a(F1313771823.383379
(S'75.41.120.114'
I1215
tp14
I01
S'd1:ad2:id20:\xc5\x04\x10\xfc\xa8\xf5\x9d\xff\x7f\xffj\r\xc6\xd0\xe0\xf2\x14f,\xd49:info_hash20:*\xed\xb9\x9b\x1ey\xe7vC>\xec\xbe\xc6u\xc8G\x04gq$e1:q9:get_peers1:t2:,\x001:v4:NS\x01\x181:y1:qe'
tp15
a(F1313771823.558809
(S'221.133.46.98'
I41333
tI00
S"d1:rd2:id20:\xcc\xbc\xdf\x0cu^c\x86=\xa6\xf2\xe2B\x83\xce6\xd9P\xf7H5:nodes208:*nI\xa7\x04\xfa\x0fP\xac\xff\xb0\xbf\xa2u=g\xe5S\x06?O-!\xb4\x1a\xe1*\xea\xb3\xects\x1d\xdb`\xc5'\xfflu\xe1\xb9\xcb\xf7\xbbH\xae\x03gJ\xec\xc2*\xa0f\x87'\x99o\xdc>\xd9\x0c;\xec\xc9\xcd\xcc\x83\xe3\xb61\xd4\xf2\xcb|\x1a\xe1+O\xaaP\xb0)\xa4\xb1\x8e\x06\x1d\x10cL+Z\xf3\n\x96\r\x18\xe0t\xe4\xe1z+\xbf\xc6\x0f\x1fs\xc7\x1a\x9f\xdc\xd4N=\xd2:Z\x1b\xeaH\xc2U\xe6~\x96\xdaJ+\xe2]\xba)y\x1f\x1aR_\x90\xa4al\xf2\x1dR\xc3\xb1\xd8\xcbaj\xc4d^+\xa6n\\\xf2~\xa3\xcc\xb74\xafWD:\xd2\x8e\xfd6\r\xd8{\x819\xe2\x8f\xf5+\x8e\x17\xa0NY6kt)\xedA7\x9b#\x9dC\x7fsoKW\xd2\x16II5:token20:=\x9f,9\xb7\xe0\xba]i\xd76w\xbc\xbfS\xce\xc2\x1f\x1a\xcce1:t2:'\x001:y1:re"
tp16
a(F1313771823.5650401
(S'174.3.103.74'
I60610
tp17
I01
S'd1:ad2:id20:\xc5\x04\x10\xfc\xa8\xf5\x9d\xff\x7f\xffj\r\xc6\xd0\xe0\xf2\x14f,\xd49:info_hash20:*\xed\xb9\x9b\x1ey\xe7vC>\xec\xbe\xc6u\xc8G\x04gq$e1:q9:get_peers1:t2:-\x001:v4:NS\x01\x181:y1:qe'
tp18
a(F1313771823.5678799
(S'61.18.80.24'
I9797
tI01
S'd1:ad2:id20:\xc5\x04\x10\xfc\xa8\xf5\x9d\xff\x7f\xffj\r\xc6\xd0\xe0\xf2\x14f,\xd46:target20:\xc5\x04\x10\xfc\xa8\xf5\x9d\xff\x7f\xffj\r\xc6\xd0\xe0\xf2\x14f,\xd4e1:q9:find_node1:t2:.\x001:v4:NS\x01\x181:y1:qe'
tp19
a(F1313771823.5679581
(S'31.148.104.106'
I38757
tp20
I01
S'd1:ad2:id20:\xc5\x04\x10\xfc\xa8\xf5\x9d\xff\x7f\xffj\r\xc6\xd0\xe0\xf2\x14f,\xd46:target20:\xc5\x04\x10\xfc\xa8\xf5\x9d\xff\x7f\xffj\r\xc6\xd0\xe0\xf2\x14f,\xd4e1:q9:find_node1:t2:/\x001:v4:NS\x01\x181:y1:qe'
tp21
a(F1313771823.5848441
(S'68.140.73.159'
I38805
tI00
S'd1:rd2:id20:\xc5+\xb6=\xe0\n\x8b\x1f&\x17\xa6"\xa84\xf6\xd4\xab\x14:C2:ip4:\x82\xe5\x81s5:nodes208:\x07\xda\xecH\xb3\xdb\xa8\x87\x9d\x98t.\xcc\x80\xb3O\x86Nu\x80\xb7f\xc2\xaf\xfa\xe1\x10\x18\x82q\x10"\x8b$\xce\x9f3\x0c\xafl\xb5\x0fQ\xc7&wt1eU0\xb1c\xe0\xdf\xab\xb2\x875w\x08\x0bv\x8b\x9d\xa9\x04$ \xa6u\x0b|\x94\xef\xab\xc4.}3"\xebd\xf8\x95\x1dy\xbdO!\xab\x9d\x8c\x1f\xdc\x85\x99D\xb2H[\x9c\x85\x93p\xfb f\xc3\x7f\x1aF\x98\xf3\xb9\xd2\xc9\xc3\x81\x8a\xd1\xfa\xfdd\xd4J\xde\xeel\x1bI\xf7?_K\x0f\xd8,U\xd8\x05Q&\xe9\x8d\xc3\xed~q.<\x0e\x9b\x19>\x81G\x99|\xbdN\x9b\xb1Rp\x16\x85\xe1\x98\xabo\xf8\xcc4e\xdaL\xe2{\x18r~VVB\xeb\x18\xc9\xfd\xba\xe5\xee$\xc4\x8a\xf3|\xc7\xa1\x97\xb3\xaa\x01\xae\x8c\x1f>\x815:token20::\xd9Nl +\xdc\xa12s\x01\xcb\xe5\xb5\xfa\xdb/k2Fe1:t2:*\x001:v4:UTb*1:y1:re'
tp22
a(F1313771823.590837
(S'114.32.78.120'
I6881
tp23
I01
S'd1:ad2:id20:\xc5\x04\x10\xfc\xa8\xf5\x9d\xff\x7f\xffj\r\xc6\xd0\xe0\xf2\x14f,\xd49:info_hash20:*\xed\xb9\x9b\x1ey\xe7vC>\xec\xbe\xc6u\xc8G\x04gq$e1:q9:get_peers1:t2:0\x001:v4:NS\x01\x181:y1:qe'
tp24
a(F1313771823.7034831
(S'90.151.98.70'
I11654
tI00
S'd1:rd2:id20:*\xa4\xc6\x84\xaf\x92\x99`\xbd\x92\xbb!Q\n\xfb}\xe9\xe2\x8e\x002:ip4:\x82\xe5\x81s5:nodes208:*\xeb\x1dT\xd0\xf8\x80\xd8\'\xffh\xba\xd98\xa5R\xafY\x86\xdab\xda.[\xe0\x01*\xeb\x1deD*61_\xfe\xf2\xb1p\xcf\xe5l}o\x95\xd4SU\x008\xa1\xbb*\xeb\x04\xb4\x93\xa9\xa3O\t\x14KE\x178O\x0c)\xa2\xfc\x1fQ\x12@c\xc5@*\xea\xc4T\xfa\xfbM\xcb\xa2\x17\xff\xdc3U\xa9\xf3\xf9*\xfc\xc3<0\xa9\x8b&\xd0*\xe5\xcb\x8a\xe9!\xed\xdf\xf3)\xa3\x91\xaa\xe8\x00\xf0ef\xb8t{\xca\xdc\xd4>\x15*\xe4\x8e3\xc5jm\x17L\r\xf9\xe5\xf7\x9f,\x1d6\xd1\x9c7T\x03\xcc(\xe0S*\xf7\xa0#\xda&\xf4\x17MP\xa0D\xe2\xbb\xcf\x93n\xe7\x08\x8cP\xab\x1d\xaae1*\xdc1\xa3\xf3$\xc1*\xcf]\x06\x9f\xfc\xc6\xd02\xf4\x05\x85/^\x03&\xcb\xe3E5:token20:\x02\xc8(\xc2\x92\xe7k\tT\xfb\xfc3\xa1\xa9-L\xbd"\xd3\xefe1:t2:+\x001:v4:UTb\xb91:y1:re'
tp25
a(F1313771823.70977
(S'98.218.46.91'
I57345
tp26
I01
S'd1:ad2:id20:\xc5\x04\x10\xfc\xa8\xf5\x9d\xff\x7f\xffj\r\xc6\xd0\xe0\xf2\x14f,\xd49:info_hash20:*\xed\xb9\x9b\x1ey\xe7vC>\xec\xbe\xc6u\xc8G\x04gq$e1:q9:get_peers1:t2:1\x001:v4:NS\x01\x181:y1:qe'
tp27
a(F1313771823.7636659
(S'75.41.120.114'
I1215
tI00
S'd1:rd2:id20:*\xe2\x84N\xfd\xf9\xc4\xc6\xca\xb3\xef~\x90\x0b\xb2!I\xf6\xa5\xb15:token20:\xacp\xe3\xc1E\xe5\x95\xff\x83\xd8\xa6\x8b\x93\xda\x08\x8f\xd3\x12\xe6X6:valuesl6:C\xa4w\xf7!\x8e6:R\xab\x15\xcbJ:6:_D;\xbf&\x0b6:\x18DC\x0bWS6:c\xf2\x92L1\xb16:c\xf2\x92L1\xb1ee1:t2:,\x001:v4:UT@v1:y1:re'
tp28
a(F1313771823.768086
(S'83.85.0.56'
I41403
tI01
S'd1:ad2:id20:\xc5\x04\x10\xfc\xa8\xf5\x9d\xff\x7f\xffj\r\xc6\xd0\xe0\xf2\x14f,\xd49:info_hash20:*\xed\xb9\x9b\x1ey\xe7vC>\xec\xbe\xc6u\xc8G\x04gq$e1:q9:get_peers1:t2:2\x001:v4:NS\x01\x181:y1:qe'
tp29
a(F1313771823.839838
(S'98.218.46.91'
I57345
tp30
I00
S'd1:rd2:id20:*\xeb\x1dT\xd0\xf8\x80\xd8\'\xffh\xba\xd98\xa5R\xafY\x86\xda2:ip4:\x82\xe5\x81s5:nodes208:*\xed\xba\xc6*\x9d<\x18]\x0e\xc0f\x02\xcd,\x99\x93\x1b\xeemTpgP\r\x9b*\xed\xebO\xf8\xe7\xb8X\x02\xb7,\x00\'\xdd\xc2\x9a8q6\xe0x=S:Uz*\xed\x0f\xedT)\xa6\xb7\xa8C\xf1Uo\x04\xd7/\x08\xaf\x933Ve\x15\x9a2\x07*\xeds\xe2>\x1d\xdd\xf7Eu\xca\x8c\xb3\xebm\xd8m\x1b\xfd\t}\xe6N\x0bb.*\xef8\xcc\t\xa3\t>(\x83\xcf6\xba.6\x0c\xf4$\xa7\xd4m`\x0e\xcc\'\x11*\xee\x8egBC\r\x8d\x1b\xe7R \x01\xf0\xe3\x98\xd5\xd2\xcb\x96my\xa5es\x7f*\xee\x87\xb70J\x8cK\xa5\xe5\xa8K[\x1cM\xd6\xbc\xee\xbd\xceV`Re\xf5\x9d*\xeeELB\xa8O\xc3`\x0c13\x0eF\xf8\xc3\xeaNF\xe2\xc8~\xd7L_\xdc5:token20:B{\xd2\xfc\x14U\xb8\xa2\xe4y\xb7\xa4C@\x9d\xe79\x08\xd7\xa86:valuesl6:Z\xd9O\xe2"\xeb6:J8\xba\r:\xeb6:Y\xeb p8\x816:\xca\xab\xfe\x0cA\xf36:|\x08\xdfEA\xf36:\x02x\x03\x8aD\xab6:C\xa4w\xf7!\x8e6:KZ\xa4\xa9\xb7!6:b\xc1]\xbe(\xa96:\xb2\x95\n\x8e#16:\xbdz\x94\x978\x806:c\xf2\x92L1\xb1ee1:t2:1\x001:v4:UTb*1:y1:re'
tp31
a(F1313771823.8524849
(S'84.112.103.80'
I3483
tI01
S'd1:ad2:id20:\xc5\x04\x10\xfc\xa8\xf5\x9d\xff\x7f\xffj\r\xc6\xd0\xe0\xf2\x14f,\xd49:info_hash20:*\xed\xb9\x9b\x1ey\xe7vC>\xec\xbe\xc6u\xc8G\x04gq$e1:q9:get_peers1:t2:3\x001:v4:NS\x01\x181:y1:qe'
tp32
a(F1313771823.8686309
(S'174.3.103.74'
I60610
tI00
S'd1:rd2:id20:*\xea\xb3\xects\x1d\xdb`\xc5\'\xfflu\xe1\xb9\xcb\xf7\xbbH5:token20:N\xe4\xa0d:\xf4\xb6\x82\x19\xf4~\xb2\xa7\x1c\x0e\x8d\x7f%\xee|6:valuesl6:c\xf2\x92L1\xb16:\xd8\xfa\t\xc7\x9d\xc46:y66#&\xb26:C\xa4w\xf7!\x8e6:\xcbq\x0f\xc4A\xf36:UAT\xda\xb446:^Gi\x15\xfb\x056:.\xb1\x14\xe5M?6:\xc2\xd4\x16\xf1V\xd66:Y\xeb p8\x816:N\xad\xd4\x99.Z6:\xd9\x9f\xb6\x82\x90\x9a6:t\x0f\xd0\xb4k\x006:LC\xcc3g\x8c6:Og\x86\xa0\x84\xbe6:E}\xd1f%\xb16:)n\xe7\x19\x1f,6:X\xd4$\x1aug6:\xd4\xb3^23\xbb6:y6 \x9a\xc2a6:R\xab\x15\xcbJ:6:\xb4\xc2\xa5i C6:V\x1c\xca\xfb/\x1d6:lS\xab\x91^\xe86:\xdc\xbd\xf8\xfa@\xd26:x<\x01,=\'6:N\x1e\x80\xf1=\r6:y\xd79\xc2\xcb\xfd6:lH\xdaj\xb2r6:R\'\xa30\xed"6:p\xc8I\xc9,D6:.\x0c\xa5\xfd\xd3\x8e6:J8\xba\r:\xeb6:Y\xd2\xa5A_y6:Y\xd3\xe1;X\x8e6:z\xa3\xd8\xb7*$6:\x8e\xb3\xf5/M\xae6:S\xf0W \xc8\xd56:`0\x80?8\x146:V\x00@\tF\xba6:R\x08\x1b\xd4CM6:Z\xd4\x98\xea%\x986:)\x85\xc6\xb0P\x1f6:\x18lu\xe5U\xa26:\xb7S\xecA>\xa96:P\xdc?\xe3!\xa06:T\xe4:\xba\xb6j6:`\xef\x91\xba\xbf\x126:\x02x\x03\x8aD\xab6:Xn;\x8d$.6:n7\xa3\x8f4\xf56:\xb4\xc2\xe4\xa2e)6:\xbe\x88\xb4\xc6Uy6:\xaf\x91\xadh_\xae6:G\x01\x07\x98\xbc\xa46:<\xf1\x9d\xc3^b6:O\xb7#27\x936:[K\x04O<c6:\xb6]?\xc2\x1f_6:\xc2\xdb-\x8f,\x816:Q\xa5=_t\xc96:\xddy\x8d\t(o6:N\x08IQ\\"6:FJ\xa4\xb1-\xd36:)n\xe9\x0b\x1f,6:S\x1dG\x0fQ\xd56:my"\xd7Zyee1:t2:-\x001:y1:re'
tp33
a(F1313771823.8750801
(S'120.61.83.58'
I21882
tI01
S'd1:ad2:id20:\xc5\x04\x10\xfc\xa8\xf5\x9d\xff\x7f\xffj\r\xc6\xd0\xe0\xf2\x14f,\xd49:info_hash20:*\xed\xb9\x9b\x1ey\xe7vC>\xec\xbe\xc6u\xc8G\x04gq$e1:q9:get_peers1:t2:4\x001:v4:NS\x01\x181:y1:qe'
tp34
a(F1313771823.9199021
(S'114.32.78.120'
I6881
tI00
S'd1:rd2:id20:*\xe7\xe9Ri\x95O\x08\x88\x9frA\xed\x8bO\xbe\xec\xd6\xe0d5:token4:\xa2\xd5\x8c\x146:valuesl6:\x02x\x03\x8aD\xab6:C\xa4w\xf7!\x8e6:E}\xd1f%\xb16:z7\x1cBk\xeb6:\xad\xb5]+\x87(6:\xaf\x88\xbd\xd1\xf9\x17ee1:t2:0\x001:v4:LT\x00\x0e1:y1:re'
tp35
a(F1313771823.9241099
(S'86.101.21.154'
I12807
tI01
S'd1:ad2:id20:\xc5\x04\x10\xfc\xa8\xf5\x9d\xff\x7f\xffj\r\xc6\xd0\xe0\xf2\x14f,\xd49:info_hash20:*\xed\xb9\x9b\x1ey\xe7vC>\xec\xbe\xc6u\xc8G\x04gq$e1:q9:get_peers1:t2:5\x001:v4:NS\x01\x181:y1:qe'
tp36
a(F1313771824.060883
(S'83.85.0.56'
I41403
tI00
S'd1:rd2:id20:*\xeb\x1deD*61_\xfe\xf2\xb1p\xcf\xe5l}o\x95\xd45:nodes208:*\xec\xb9\xfe\xe1\xf4]\xae\x01\xbfIs\x8e\x99\x90 \xf4\x83(\xd9\x02<[K\xbaL*\xec\xae?Ppr\xe9\xf4v\xc1\xb3uiP\xa7\xda\x90\xfbb\x1f\x80\xce\xa4c^*\xec\xa4\xa2#\xf0Y\xe4\xf5\xff\xaes\x19\xc0\xee\x0by\x9d\xbbEc\xfe\xaf\x92\xb07*\xec\x95\x99o\x00^\xe9$I\xc4\xc9\n\xb5\'\x8d\xce\xda\xed\xa5Le\x12\x89\xb0\xd2*\xec\x961\xa2\xdf>\xfc\x0fu\xa42@h\x0b\xf6\xb8\xf3\xacbUC\x01\xc2\xfaC*\xec\xf3\xee;E\x1b\\H\x9cL,D3\xd7\x84-\xb0\xc3lb\xa0\xf0\xb62n*\xefR\x8d\xb4\xee\x92Q~X\xb2\x90\x18\x11\xb5\xad\xa8Z\x18VO\x90!\xb4@%*\xefH\xa7\xd3#\x19\xc4tc1\xac\xd4]\xa3-\x06\xbb8[\xc1\xa9\tv6_5:token20:I\xcd\x8b\xbc\x8aL[{\x11\x89_h\x16\x05\xe7\xa5\x84*\xee\x1f6:valuesl6:Q\xb6\xdd0>\x136:N\x08IQ\\"6:N\x1e\x80\xf1=\r6:\x18\x8a\xffbA\xf36:y66#&\xb26:c\xf2\x92L1\xb16:\xbe\xc4~\xe9A\xf36:\xbdz\x94\x978\x806:U\xe4\xbb\xaaA\xf16:FJ\xa4\xb1-\xd36:@\xa8\xe52Y6ee1:t2:2\x001:v4:UT[\x901:y1:re'
tp37
a(F1313771824.067908
(S'125.230.78.11'
I25134
tI01
S'd1:ad2:id20:\xc5\x04\x10\xfc\xa8\xf5\x9d\xff\x7f\xffj\r\xc6\xd0\xe0\xf2\x14f,\xd49:info_hash20:*\xed\xb9\x9b\x1ey\xe7vC>\xec\xbe\xc6u\xc8G\x04gq$e1:q9:get_peers1:t2:6\x001:v4:NS\x01\x181:y1:qe'
tp38
a(F1313771824.5757229
(S'114.33.225.222'
I8514
tp39
I01
S'd1:ad2:id20:\xc5\x04\x10\xfc\xa8\xf5\x9d\xff\x7f\xffj\r\xc6\xd0\xe0\xf2\x14f,\xd46:target20:\xc5\x04\x10\xfc\xa8\xf5\x9d\xff\x7f\xffj\r\xc6\xd0\xe0\xf2\x14f,\xd4e1:q9:find_node1:t2:7\x001:v4:NS\x01\x181:y1:qe'
tp40
a(F1313771824.5758059
(S'78.156.196.184'
I55130
tI01
S'd1:ad2:id20:\xc5\x04\x10\xfc\xa8\xf5\x9d\xff\x7f\xffj\r\xc6\xd0\xe0\xf2\x14f,\xd46:target20:\xc5\x04\x10\xfc\xa8\xf5\x9d\xff\x7f\xffj\r\xc6\xd0\xe0\xf2\x14f,\xd4e1:q9:find_node1:t2:8\x001:v4:NS\x01\x181:y1:qe'
tp41
a(F1313771824.5758801
(S'94.18.91.41'
I60721
tp42
I01
S'd1:ad2:id20:\xc5\x04\x10\xfc\xa8\xf5\x9d\xff\x7f\xffj\r\xc6\xd0\xe0\xf2\x14f,\xd46:target20:\xc5\x04\x10\xfc\xa8\xf5\x9d\xff\x7f\xffj\r\xc6\xd0\xe0\xf2\x14f,\xd4e1:q9:find_node1:t2:9\x001:v4:NS\x01\x181:y1:qe'
tp43
a(F1313771824.575954
(S'91.121.75.131'
I65281
tI01
S'd1:ad2:id20:\xc5\x04\x10\xfc\xa8\xf5\x9d\xff\x7f\xffj\r\xc6\xd0\xe0\xf2\x14f,\xd46:target20:\xc66iM\xc5\n\xfa 0`\xe4\x1ahb\x92\x83\xf6\xfc\xe7\x05e1:q9:find_node1:t2::\x001:v4:NS\x01\x181:y1:qe'
tp44
a(F1313771824.6132879
(S'91.121.75.131'
I65281
tp45
I00
S'd1:rd2:id20:\xc4Ijf\xa7\xa0\xa2\x94R}\xf6-\xe3\x97\xda\x87\xeb\xecg 5:nodes208:\xc7\xcfBY\xe9\x97\xc9\xbf\x1d\xc2;*\x87ls\x1aCF\xa5\xc4\xd9z\xa4 \x1a\xe1\xc7\xe2@X\xb1&\xf2\xd5v_W\xbb\xa0\t\xa52T\x08U\xf5Q\x02\xe1\xe9\x05\x9a\xc7\x91\xd7\xae\xd4\xd8\xa1 I\n\xb2\xa9\x18\xb0\xd2|#\xd1\x88\xe5_@\x99\x82\xeb\x02\xc6\xaf \xbcM_L\x98a\x1e.\xf0B\x85\x12\xafG\xe5\x02\rR\xef\xc1^\xf6Q\xc6\xa7\xe1\xf6t\xe9l\xf3/\x1a&\xae\xeb\xaax\x1a\x8bs\x1d4\xdcK\xf2\xa28\x16\xc6oK\x1e\x9c\xab\x97\x7f\xf4~\xd0\xf6c\xf2mt+\x17\xcd*]f\x87\xf2Ru\xc7\xd5\x1f\xf7\xba\xaeG\xbb\xd0P\xae\xcb\xc4W\x9b\x0f\x16\xbf\xea\xfd\xb2\xd1\xef\x08.\xd2\xc6e( \xef\xf2R3z\xcf\xc1\xab\x89f\xc1\x87\xf7\x8e\x8a\xa7T0\xed\x82\xce6e1:t2::\x001:v4:LT\x00\x0e1:y1:re'
tp46
a(F1313771824.658947
(S'94.18.91.41'
I29289
tI00
S"d1:rd2:id20:\xc5\x07Y3r\xb7\xa0YS#H\xa7*\xa2\xeemws`\r2:ip4:\x82\xe5\x81s5:nodes208:\xc5\x04\x13q\xe2b\x19@\x15&\xf2\x87\x0e\x13\xe4\xc2g(\x85\x83r\x18r\xc7:\x91\xc5\x04P]\xd43=1\xe4\xb4b\xd9\xdag\x99\xd9{\x9a\x8f\xecQ\x83\xc7\xe7V\xb3\xc5\x04\xc8\xdb<\xd1\xd2u\x91?\x80\x8f\x1fl\xa0\x04\x80\x81\xcb\xd5]\xb9\xc0X\x04&\xc5\x04\xe5\xfa\xd70+#\xaa'\xcd\x91\xb0\x82$\xc3\xdb\x08\xc9\x8f\xb0\x0e=\xfa\xc1\x08\xc5\x05\r\x8b\x80\xc67\x08W\x9b\xe8\xa2\xc0\xf4e\xdbM\xe9\xf16W~81\x04\x06\xc5\x05Z\tM\xb03\xf8\xdd\xa9\xd8R\x85\xd6\xdd\xd4\xa0\xbf\xeeI]/#%\xef\x84\xc5\x05[r\rv\xb8\xac\x01\xb9H\x8fe\x8c\xa5\xa2\xe6\x16\xdfL\xb2\xbf\xef#\xe5\xfb\xc5\x05\x96\x89v\xc8\x9aF\xc9\xcb\x01\xed1\x97a\xdf\xc1\x1a\xc2\xb1S1\x89,\x85\xcfe1:t2:9\x001:v4:UTb\xd61:y1:re"
tp47
a(F1313771824.774008
(S'78.156.196.184'
I55130
tp48
I00
S"d1:rd2:id20:\xc5\x07<s:\xdc{\x99\xc5\xc4M\x99\x1f\xf9\xa1n\xbf\x0bM`2:ip4:\x82\xe5\x81s5:nodes208:\xc5\x04#_u\xd3\xd3\xce\x9c\xef\xe8\x85\x13\x9d\x0e\xbe\xf1)R\x08N-+\xf8\x1a\xe1\xc5\x04^,\xff\x91\x98B\xae[\x98\xe1\x9f\xe5uR?\x94\x05\x93\xb2]\x9d\xa3\xfd7\xc5\x04\x9b\x1a\x8b\xcb\x80\x98 \xf3(R\x86\xffW\x0cr\x99\xb3\x93T\xe5\xc0T\x9dB\xc5\x04\xe9M\xdb\xba%.@\xf6\x0fKr;>\xb9\xbc\x1d$Np\xa4\x19\x0c\xb6\xd2\xc5\x05\x86\xdb\xb0\xcf\xf5s\x8f2\xf5\xfb\xfe\x99\x98\xddb\xf7\x1a\x8epht'\xe1j\xc5\x05\x88\xd6\x81%\xb3mw \xe0\xf1\xde'\xa0\x96[K\xb0\xcebnl\x0e\xd0\x1d\xc5\x05\xa5L\x07\xd1E\x1f\xacL\xed\xb8\xaal\xdf\x16zGR/WhN\xa2\xb4T\xc5\x05\xaf\xb9J6\x8aJ\r\x04\x0c\x86\xf7\xae9\xc7\xab\xbd\x98\x19N\xb8\xcfre\x13e1:t2:8\x001:v4:UTb\xb91:y1:re"
tp49
a(F1313771824.7824321
(S'78.45.43.248'
I6881
tp50
I01
S'd1:ad2:id20:\xc5\x04\x10\xfc\xa8\xf5\x9d\xff\x7f\xffj\r\xc6\xd0\xe0\xf2\x14f,\xd46:target20:\xc5\x04\x10\xfc\xa8\xf5\x9d\xff\x7f\xffj\r\xc6\xd0\xe0\xf2\x14f,\xd4e1:q9:find_node1:t2:;\x001:v4:NS\x01\x181:y1:qe'
tp51
a(F1313771825.1421199
(S'94.213.91.50'
I37925
tp52
I00
S'd1:ad2:id20:\xfd>Z\xcc\xa2\xb1?\x98P#T\xd5\x0b\xa0l5\xb0\xa62\x956:target20:\xf3\xf0\x14\xd2Z\xa65\xc46\x87\xa3)\xb6\x03\xab\xeaq/\t\xbce1:q9:find_node1:t4:\xf8\x8bP\xa91:v4:UTc`1:y1:qe'
tp53
a(F1313771825.143146
g52
I01
S'd1:rd2:id20:\xc5\x04\x10\xfc\xa8\xf5\x9d\xff\x7f\xffj\r\xc6\xd0\xe0\xf2\x14f,\xd45:nodes208:\xcc\xbc\xdf\x0cu^c\x86=\xa6\xf2\xe2B\x83\xce6\xd9P\xf7H\xdd\x85.b\xa1u\xc7d1\x0f\x14\xdc\xee\xa6$o,Ifam\x7f\x1b}\xa3\x83V\x88\xcc\xb7$\xf0\xc4\x0c\xc6T\xd3V\x0e\x0cZ\xda\xfb\xf0\xa7\x9e\x12;,\x1f\xdc\xa4\xd5\xe7\x18aUS\xc4Ijf\xa7\xa0\xa2\x94R}\xf6-\xe3\x97\xda\x87\xeb\xecg [yK\x83\xff\x01\xc5+\xb6=\xe0\n\x8b\x1f&\x17\xa6"\xa84\xf6\xd4\xab\x14:CD\x8cI\x9f\x97\x95\xc5\x0f\xe0?\x95\x0f\x9a\xec\x11E\xeb\x08\xbff\x8e\xbf\r\xd4\x94\xbaad ;K\x90\xc5\x08\xb1$\xbe\xd8 \xec[(2)1\xa6\x90\xd5 \x8b\x84OcCJx\xac\x10\xc5\x07<s:\xdc{\x99\xc5\xc4M\x99\x1f\xf9\xa1n\xbf\x0bM`N\x9c\xc4\xb8\xd7Ze1:t4:\xf8\x8bP\xa91:v4:NS\x01\x181:y1:re'
tp54
a(F1313771825.652734
(S'178.93.157.163'
I64823
tp55
I01
S'd1:ad2:id20:\xc5\x04\x10\xfc\xa8\xf5\x9d\xff\x7f\xffj\r\xc6\xd0\xe0\xf2\x14f,\xd46:target20:\xc5\x04\x10\xfc\xa8\xf5\x9d\xff\x7f\xffj\r\xc6\xd0\xe0\xf2\x14f,\xd4e1:q9:find_node1:t2:<\x001:v4:NS\x01\x181:y1:qe'
tp56
a(F1313771825.6528161
(S'200.2.137.252'
I14899
tI01
S'd1:ad2:id20:\xc5\x04\x10\xfc\xa8\xf5\x9d\xff\x7f\xffj\r\xc6\xd0\xe0\xf2\x14f,\xd46:target20:\xc5\x04\x10\xfc\xa8\xf5\x9d\xff\x7f\xffj\r\xc6\xd0\xe0\xf2\x14f,\xd4e1:q9:find_node1:t2:=\x001:v4:NS\x01\x181:y1:qe'
tp57
a(F1313771825.652916
(S'200.175.173.173'
I39489
tp58
I01
S'd1:ad2:id20:\xc5\x04\x10\xfc\xa8\xf5\x9d\xff\x7f\xffj\r\xc6\xd0\xe0\xf2\x14f,\xd46:target20:\xc5\x04\x10\xfc\xa8\xf5\x9d\xff\x7f\xffj\r\xc6\xd0\xe0\xf2\x14f,\xd4e1:q9:find_node1:t2:>\x001:v4:NS\x01\x181:y1:qe'
tp59
a(F1313771825.652992
(S'84.229.192.84'
I40258
tp60
I01
S'd1:ad2:id20:\xc5\x04\x10\xfc\xa8\xf5\x9d\xff\x7f\xffj\r\xc6\xd0\xe0\xf2\x14f,\xd46:target20:\xc5\x04\x10\xfc\xa8\xf5\x9d\xff\x7f\xffj\r\xc6\xd0\xe0\xf2\x14f,\xd4e1:q9:find_node1:t2:?\x001:v4:NS\x01\x181:y1:qe'
tp61
a(F1313771825.653065
(S'91.226.88.218'
I60937
tI01
S'd1:ad2:id20:\xc5\x04\x10\xfc\xa8\xf5\x9d\xff\x7f\xffj\r\xc6\xd0\xe0\xf2\x14f,\xd46:target20:\xc7\xf6\xd6\x88\xd0\r\x1f6\x9e!\xef\xe4\xc6^\x8c\xab\x84\xb7\xa7\x9be1:q9:find_node1:t2:@\x001:v4:NS\x01\x181:y1:qe'
tp62
a(F1313771825.6841209
(S'91.226.88.218'
I60937
tp63
I00
S'd1:rd2:id20:\xc4\xc2?;\xfd\x7f\xbdc{3\xed\xdd\x0bg\x82\xd4\xb3\xbb\xae\x195:nodes208:\xc7Y\xe2\xfcC\x9d1\xfa\xc0\xfc\xce;\xfa\x96d\x88&\x1f\xed\xc5\xd2O%NT7\xc7\xe2@X\xb1&\xf2\xd5v_W\xbb\xa0\t\xa52T\x08U\xf5Q\x02\xe1\xe9\x05\x9a\xc7\xc0\xf6\xebGY]\xd6\xa1\xb9%\xc7\xa3\x01\xe1#"\xce\xec\x82`3Pf\xb8|\xc7l\x00\xc5\x8b\'\x95\xa3\t\xda\x1d\x82\x08\xf6\xce(Ja\xaf\xea\x8b[FE\xf3>\xc6\xd0y\x1d-\xa4\xaei#%\x9dSJ-\xd0+!^c\xb7c\xe3\xca$\x1a\xe1\xc6I*=\x0b\xfa\xd5>@\xf6V\xa1\xac5P\xc6>\xb8UOc\xed*2\xc1\xf4\xc6\xc6\t)\xfc\x19r\x07Xi\x9fq\x92\x99\xb1\x8b\x89\x1f\x1d\x8f\x18\x80\xeb\xfe[\x87\xc6"w+[\x8e\xb6\xbc%\xd5C\xcb\xb6\xc7\x1fX,\xd0\xfb/\xb2\x95\tc\x8eEe1:t2:@\x001:v4:LT\x00\x0e1:y1:re'
tp64
a(F1313771825.7728651
(S'84.229.192.84'
I40258
tp65
I00
S'd1:rd2:id20:\xc5\x04\x9b\x1a\x8b\xcb\x80\x98 \xf3(R\x86\xffW\x0cr\x99\xb3\x935:nodes208:\xc5\x04\x13q\xe2b\x19@\x15&\xf2\x87\x0e\x13\xe4\xc2g(\x85\x83r\x18r\xc7:\x91\xc5\x044\x14\xd0\x93\xb8a+\x1e\xf9\xb2\x0c\xbf\xa52\xd0\xa5\x19\tY \x9a\x95\x82\xaa\xc5\x049\xb6-\xac6{c\x17q%\xeci\x87y\x0b\xb9\x00>L\x04\xc3\xf9J\x99\xc5\x04:t\x161Gr\x9b\xd6\x19P\xaa\x7f\xaa\xacNM\xc9\xbf|\x83\xb3\xb3\x05\x8f\xc5\x04#\xe2\xd3\xba\x11\xab\xbdaK\x89b\xf5\x85\x87\x8c{Z\xa0pw\x1a\xd1\xf8\n\xc5\x04D,\x92\x93\xf3\xca\xaf\xfa\x14d\xa8s\xf6\xe8\xc4\x8a\x0e\x1c\x18Yn\x85\x1a\xe1\xc5\x04L\xfe\xe1\xa1\xd9\x94\x9cEr\xa7\xa1\x97\x97\xa5\xee\xafg\x0eSnb1}\x8a\xc5\x04}\x88\xff\x11\xa2\xf3\xaf\x88\xdc=\xa4%\xf0m\x90!\xfcF_\xd2\xba\x0f0\x15e1:t2:?\x001:v4:UT@v1:y1:re'
tp66
a(F1313771825.779726
(S'114.24.114.199'
I14993
tI01
S'd1:ad2:id20:\xc5\x04\x10\xfc\xa8\xf5\x9d\xff\x7f\xffj\r\xc6\xd0\xe0\xf2\x14f,\xd46:target20:\xc5\x04\x10\xfc\xa8\xf5\x9d\xff\x7f\xffj\r\xc6\xd0\xe0\xf2\x14f,\xd4e1:q9:find_node1:t2:A\x001:v4:NS\x01\x181:y1:qe'
tp67
a(F1313771825.9274809
(S'200.2.137.252'
I14899
tp68
I00
S'd1:rd2:id20:\xc5\x04\x17\x1e-\x00\xb1\xa8\xe9\xa38\xa5m\xb5\xf7\xe4\x83\x00\xec\x802:ip4:\x82\xe5\x81s5:nodes208:\xc5\x04\x10\xfc\xa8\xf5\x9d\xff\x7f\xffj\r\xc6\xd0\xe0\xf2\x14f,\xd4\x82\xe5\x81s\x1bX\xc5\x04\x11\xfc\xd0\xc71\xdb\xc3\x8b\xbc.Y\xda\xf6\x12\t\x07\xd08}\xb5\xd6\x1e\xd3\x8b\xc5\x04\x12\x88>}\xd3\xfd\xb3L\x8c\xb4\x1f\xc2P];\xceX\x10s\xf82\x14\xa90\xc5\x04\x13\xe4G.#\xc4\xf2\xc7\xa0\xe6\xa9Z\x16\xe7\x85\xd8\xbd\x00_\x1c\x05#J\xab\xc5\x04\x13q\xe2b\x19@\x15&\xf2\x87\x0e\x13\xe4\xc2g(\x85\x83r!\xe1\xde!B\xc5\x04\x14GH\xeaE\\\xa0\xb8\xf0\x01\x92y!pNN}>:\xf1\x87O\xab\xce\xc5\x04\x14\x1d\xa6h\xf2\x8f\x8b\x8d\xa7\x94\xd8)w\xb598a\xdf\xc8\xaf\xad\xadt\x97\xc5\x04\x01[\x18\xd4\x03\xc4\x1ct?\x048)s\\\xdeA\x7f\xe0T}\x9d\xfdX\x92e1:t2:=\x001:v4:UTb*1:y1:re'
tp69
a(F1313771825.9342949
(S'95.28.5.35'
I19115
tp70
I01
S'd1:ad2:id20:\xc5\x04\x10\xfc\xa8\xf5\x9d\xff\x7f\xffj\r\xc6\xd0\xe0\xf2\x14f,\xd46:target20:\xc5\x04\x10\xfc\xa8\xf5\x9d\xff\x7f\xffj\r\xc6\xd0\xe0\xf2\x14f,\xd4e1:q9:find_node1:t2:B\x001:v4:NS\x01\x181:y1:qe'
tp71
a(F1313771826.1258969
(S'199.20.26.62'
I37802
tp72
I00
S'd1:ad2:id20:\xf3\xf0\xad\x1b\xfelF\x8f_\x9bJO\xd9.\x84\xe1/o2\xaf6:target20:\xf3\xf0\x17r\xb1\x90\xa6\xd2]\x11\xfe\x04\x14\x04\xea\x1a\xd51\x1b\xb7e1:q9:find_node1:t4:\x8e\xc9\x01\x001:v4:UT@v1:y1:qe'
tp73
a(F1313771826.126889
g72
I01
S'd1:rd2:id20:\xc5\x04\x10\xfc\xa8\xf5\x9d\xff\x7f\xffj\r\xc6\xd0\xe0\xf2\x14f,\xd45:nodes208:\xcc\xbc\xdf\x0cu^c\x86=\xa6\xf2\xe2B\x83\xce6\xd9P\xf7H\xdd\x85.b\xa1u\xc7d1\x0f\x14\xdc\xee\xa6$o,Ifam\x7f\x1b}\xa3\x83V\x88\xcc\xb7$\xf0\xc4\x0c\xc6T\xd3V\x0e\x0cZ\xda\xfb\xf0\xa7\x9e\x12;,\x1f\xdc\xa4\xd5\xe7\x18aUS\xc4Ijf\xa7\xa0\xa2\x94R}\xf6-\xe3\x97\xda\x87\xeb\xecg [yK\x83\xff\x01\xc4\xc2?;\xfd\x7f\xbdc{3\xed\xdd\x0bg\x82\xd4\xb3\xbb\xae\x19[\xe2X\xda\xee\t\xc5+\xb6=\xe0\n\x8b\x1f&\x17\xa6"\xa84\xf6\xd4\xab\x14:CD\x8cI\x9f\x97\x95\xc5\x0f\xe0?\x95\x0f\x9a\xec\x11E\xeb\x08\xbff\x8e\xbf\r\xd4\x94\xbaad ;K\x90\xc5\x08\xb1$\xbe\xd8 \xec[(2)1\xa6\x90\xd5 \x8b\x84OcCJx\xac\x10e1:t4:\x8e\xc9\x01\x001:v4:NS\x01\x181:y1:re'
tp74
a(F1313771826.2108779
(S'114.24.114.199'
I14993
tI00
S'd1:rd2:id20:\xc5\x04\x13q\xe2b\x19@\x15&\xf2\x87\x0e\x13\xe4\xc2g(\x85\x835:nodes26:\xc5\x04\x10\xfc\xa8\xf5\x9d\xff\x7f\xffj\r\xc6\xd0\xe0\xf2\x14f,\xd4\x82\xe5\x81s\x1bXe1:t2:A\x001:y1:re'
tp75
a(F1313771826.2496769
(S'94.243.0.23'
I13670
tp76
I00
S'd1:ad2:id20:\xa2\xc9@\xdf2\xfdt(\xd5\xd6\xc0\x90\xbf\xce\x99\x15\xa1\x157\x856:target20:\xa2s\xb4\xdce8A\xa8\xd9\xfd\x9a\x93Z\x91\x98\xf8\x82\x9d,\x1ce1:q9:find_node1:t4:>\xf0m\xec1:v4:UTb\xd61:y1:qe'
tp77
a(F1313771826.2506471
g76
I01
S'd1:rd2:id20:\xc5\x04\x10\xfc\xa8\xf5\x9d\xff\x7f\xffj\r\xc6\xd0\xe0\xf2\x14f,\xd45:nodes208:\xcc\xbc\xdf\x0cu^c\x86=\xa6\xf2\xe2B\x83\xce6\xd9P\xf7H\xdd\x85.b\xa1u\xc7d1\x0f\x14\xdc\xee\xa6$o,Ifam\x7f\x1b}\xa3\x83V\x88\xcc\xb7$\xf0\xc4\x0c\xc6T\xd3V\x0e\x0cZ\xda\xfb\xf0\xa7\x9e\x12;,\x1f\xdc\xa4\xd5\xe7\x18aUS\xc4Ijf\xa7\xa0\xa2\x94R}\xf6-\xe3\x97\xda\x87\xeb\xecg [yK\x83\xff\x01\xc4\xc2?;\xfd\x7f\xbdc{3\xed\xdd\x0bg\x82\xd4\xb3\xbb\xae\x19[\xe2X\xda\xee\t\xc5+\xb6=\xe0\n\x8b\x1f&\x17\xa6"\xa84\xf6\xd4\xab\x14:CD\x8cI\x9f\x97\x95\xc5\x0f\xe0?\x95\x0f\x9a\xec\x11E\xeb\x08\xbff\x8e\xbf\r\xd4\x94\xbaad ;K\x90\xc5\x08\xb1$\xbe\xd8 \xec[(2)1\xa6\x90\xd5 \x8b\x84OcCJx\xac\x10e1:t4:>\xf0m\xec1:v4:NS\x01\x181:y1:re'
tp78
a(F1313771826.6600461
(S'2.60.91.75'
I47692
tI01
S'd1:ad2:id20:\xc5\x04\x10\xfc\xa8\xf5\x9d\xff\x7f\xffj\r\xc6\xd0\xe0\xf2\x14f,\xd49:info_hash20:*\xed\xb9\x9b\x1ey\xe7vC>\xec\xbe\xc6u\xc8G\x04gq$e1:q9:get_peers1:t2:C\x001:v4:NS\x01\x181:y1:qe'
tp79
a(F1313771826.660126
(S'31.128.206.164'
I25438
tI01
S'd1:ad2:id20:\xc5\x04\x10\xfc\xa8\xf5\x9d\xff\x7f\xffj\r\xc6\xd0\xe0\xf2\x14f,\xd49:info_hash20:*\xed\xb9\x9b\x1ey\xe7vC>\xec\xbe\xc6u\xc8G\x04gq$e1:q9:get_peers1:t2:D\x001:v4:NS\x01\x181:y1:qe'
tp80
a(F1313771826.660198
(S'99.254.175.146'
I45111
tI01
S'd1:ad2:id20:\xc5\x04\x10\xfc\xa8\xf5\x9d\xff\x7f\xffj\r\xc6\xd0\xe0\xf2\x14f,\xd49:info_hash20:*\xed\xb9\x9b\x1ey\xe7vC>\xec\xbe\xc6u\xc8G\x04gq$e1:q9:get_peers1:t2:E\x001:v4:NS\x01\x181:y1:qe'
tp81
a(F1313771826.6602681
(S'76.101.18.137'
I45266
tI01
S'd1:ad2:id20:\xc5\x04\x10\xfc\xa8\xf5\x9d\xff\x7f\xffj\r\xc6\xd0\xe0\xf2\x14f,\xd49:info_hash20:*\xed\xb9\x9b\x1ey\xe7vC>\xec\xbe\xc6u\xc8G\x04gq$e1:q9:get_peers1:t2:F\x001:v4:NS\x01\x181:y1:qe'
tp82
a(F1313771826.6603401
(S'89.32.154.149'
I33450
tp83
I01
S'd1:ad2:id20:\xc5\x04\x10\xfc\xa8\xf5\x9d\xff\x7f\xffj\r\xc6\xd0\xe0\xf2\x14f,\xd46:target20:\xc5\x04\x10\xfc\xa8\xf5\x9d\xff\x7f\xffj\r\xc6\xd0\xe0\xf2\x14f,\xd4e1:q9:find_node1:t2:G\x001:v4:NS\x01\x181:y1:qe'
tp84
a(F1313771826.755775
(S'89.32.154.149'
I33450
tp85
I00
S'd1:rd2:id20:\xc5\x044\x14\xd0\x93\xb8a+\x1e\xf9\xb2\x0c\xbf\xa52\xd0\xa5\x19\t2:ip4:\x82\xe5\x81s5:nodes208:\xc5\x04\x12Q\xfd\x86\xef\xcb\xa6\xb5\xe1\xee\x90\xe2v\x8dWwo.U79\xaf\xf3\xa6\xc5\x04\x13q\xe2b\x19@\x15&\xf2\x87\x0e\x13\xe4\xc2g(\x85\x83r\x18r\xc7:\x91\xc5\x04\x13q\xe2b\x19@\x15&\xf2\x87\x0e\x13\xe4\xc2g(\x85\x83=\x12P\x18&E\xc5\x04\x17\x1e-\x00\xb1\xa8\xe9\xa38\xa5m\xb5\xf7\xe4\x83\x00\xec\x80\xc8\x02\x89\xfc:3\xc5\x04\x02\t\\\xda\xeaO\xd4\xd4\x19\xaaG2\x1c\x889\xf5C\x07lR\xf5O\x1d\xa3\xc5\x04\r\x91Zsyg\xd1f\xdd\xc2f\xf6\x80#\xa3WS\x04)\xea)JX\xbe\xc5\x04\x0f{\xa2Yi\x0b\xe3<5\xbd8\xc6\xf6{\xb7,\x02\x98\x18%\xf85>\xf9\xc5\x04"\xbd\x0b\x87\xa8\xf8\xad2);&i\xc6P\n\xd3\x0f\xc3\x18\xfb]\xb2\xedje1:t2:G\x001:v4:UTb*1:y1:re'
tp86
a(F1313771826.762542
(S'85.55.57.175'
I62374
tp87
I01
S'd1:ad2:id20:\xc5\x04\x10\xfc\xa8\xf5\x9d\xff\x7f\xffj\r\xc6\xd0\xe0\xf2\x14f,\xd46:target20:\xc5\x04\x10\xfc\xa8\xf5\x9d\xff\x7f\xffj\r\xc6\xd0\xe0\xf2\x14f,\xd4e1:q9:find_node1:t2:H\x001:v4:NS\x01\x181:y1:qe'
tp88
a(F1313771826.7626431
(S'31.128.206.164'
I25438
tp89
I00
S'd1:rd2:id20:*\xec\xae?Ppr\xe9\xf4v\xc1\xb3uiP\xa7\xda\x90\xfbb2:ip4:\x82\xe5\x81s5:nodes208:*\xed\xeb\xc69\xcc$r0\x8e\xbd \xf1\xe6a\xa8\xb8(\xb4\xafN\x9b\xd8\xe5+\xd5*\xed\xe6\xf3\xbfA\x99q\xf7\x9c\x1b\x80M\x11\xea\xbcPR\xaa4\x9ba\xe9\x0c\xfa\xff*\xed\xde\xc9\x93\xc9zG\xf9\x9c\x99:\xd8\xc3\xbf^\xe7\xf8\xea\x8c\x18\x1bcx\x8c\x99*\xed\xcf\xbc\xfcS\x1aX\x8eW\xd3\xec\x98\x15J\xcd\x12OA\xf7m\xfc^\xea(\xf4*\xed\x12\xbd\x9e#\xa3\x8e%8\x04%\xc7\xd4\x84f)\xab9\xdd\xd5W{\x0e\r\x98*\xed\x122\xd6\x05\x9fk\xc1\xb9\x81\x87\xed\xb6{\xb5\xf3\xf6\x95(q\xd2alj\xec*\xedn\xf9\xbc\xab\xf8\xdfaR\xe4Q\xafQ4\xd5t/<\x1eP\xdc\xa5h\x93\xf4*\xed^\xcc\x88GM\xf8\x8e\xe0\x9f\xa9\x92\xc7_JNN8\xf2=\xe3\x82\x86\x0f\xc95:token20:\xd6\xf2\xcbZ`\xdbrm\x89\xb3\xda!.\xcc\xe3\x12\xa8xT\t6:valuesl6:\xbcr\x89!\xdf\xda6:c\xfdN\xd2(\xa36:_\x8a9C\xe0\x986:S\x1dG\x0fQ\xd56:R\xab\x15\xcbJ:6:w.\xce\x14A\xf36:\xbdr\xe5\x93A\xf36:Q\xea\xcey\xd9\\6:\xca\xab\xfe\x0cA\xf36:FJ\xa4\xb1-\xd36:@\xa8\xe52Y66:\xbbs\xa5\xc9A\xf36:\x18\x84E\xd7\x18P6:|\x08\xdfEA\xf36:\xbdz\x94\x978\x806:\x02Z\x04\x173\xcc6:Z\xd9O\xe2"\xeb6:)n\xe9\x0b\x1f,6:[K\x04O<c6:\xbe\xc4~\xe9A\xf36:\xbbi\xf2l/-6:M\x1f\x86)\xb4\xab6:\x18\x80>\xba\xcd\xdc6:\x18\x8a\xffbA\xf36:N\x9f\xa3\x02A\xf36:\xcbq\x0f\xc4A\xf36:\x18J\xc2\xb4~\xcb6:R\x08\x1b\xd4CM6:Q\xb6\xdd0>\x136:C\xa1L\x86C\x9d6:\xb7S\xecA>\xa96:b\xc1]\xbe(\xa96:F0\xf1p(\x8b6:ae\xd2\xeb1\x846:C\xa4w\xf7!\x8e6:Y{>\xed\x8b\xcd6:|\x9b\xf2\xeeq\xc36:)\xb6\xda\x15\xb4"6:\xb6]?\xc2\x1f_6:}UR\xb75\xa36:lS\xab\x91^\xe86:Q\xda1$A\xf36:;d\x13BL36:\xb4\xc2\xe4\xa2e)6:y66#&\xb26:\xb2\x801\x03\xfd\xba6:z\xae}\x11[\x806:\xbe\x88\xb4\xc6Uy6:P\xdc?\xe3!\xa06:=\x06\xfd\x18\xc2i6:x<\x01,=\'6:V\x94\xc9\xa5\xfd\xce6:N\x1e\x80\xf1=\r6:y66QA\xf36:\x02x\x03\x8aD\xabee1:t2:D\x001:v4:UTct1:y1:re'
tp90
a(F1313771826.769908
(S'78.155.216.229'
I11221
tI01
S'd1:ad2:id20:\xc5\x04\x10\xfc\xa8\xf5\x9d\xff\x7f\xffj\r\xc6\xd0\xe0\xf2\x14f,\xd49:info_hash20:*\xed\xb9\x9b\x1ey\xe7vC>\xec\xbe\xc6u\xc8G\x04gq$e1:q9:get_peers1:t2:I\x001:v4:NS\x01\x181:y1:qe'
tp91
a(F1313771826.850975
(S'76.101.18.137'
I45266
tp92
I00
S'd1:rd2:id20:*\xec\x95\x99o\x00^\xe9$I\xc4\xc9\n\xb5\'\x8d\xce\xda\xed\xa55:nodes208:Zc\xbc\x9b\xadQ\xc4\xdbU\xd0\xe8\xc3P\xab\xe7\xbd\xfc\t{\'GVU\x96("\xc5\xe1\x85\x9b\x059a\xff\xb0x\xc0\xc7\t\x18\xc00\x00$\xb6\xb6_\x1a\xb3\x97\xa8qaq\xce\x9b\x83\xe4D\xd6\xba5\xcb\xc7\xc9\x84\xe9\xd0L\xa7%\xb4\xda\xaa1\x98h\x98\x9d\x07\r\x9b\xc1\xd48\xa4L|\xa0\x8cq\xbb \x95\xf5\x8b\xda+}!c,H\x96/\x9c\xa5\x9a\x07k\x89#M#\x0f\xb0\x9b\xa5\xb0g\x1e$\x10N\xb2z\t\x96I\x83\xcaP\x95\x9a\xa7\xf8\x88\xe7\xe8\xb5x\x8dD\xf9\x02\xe85\x9e\xdf\x0cY\xa0\x9am\xc3D\xe4\x80\x97\x9a\xba/\x1d[\xc4\xc5\xb8\x82\xf8\x89.\xa0\x1fx\xe3\x95\xbcS\t\x0c\xdf\xc9%y2\x9a9\x17\x11\xb4}\xef/$\xdc\xe7\xe1\xcb\xda\x84[~_5#\x8d.\x015:token20:u\xf5;\xec\x84=9a\x88\xf0\xe6\x8es\x14\xfb1T\xcd\xb3\xa86:valuesl6:S\xd0>\x1cOb6:G@\x00LfU6:Q\x99%\xb1\x92`6::\xadP1:;6:\xbd\xa9"\xdb\xaa\xd76:Z\xd9O\xe2"\xeb6:\x02x\x03\x8aD\xab6:\xbdr\xe5\x93A\xf36:WD\x12\xd5J\xc96:\xbbs\xa5\xc9A\xf36:z7\x1cBk\xeb6:R\x08\x1b\xd4CM6:\xbdz\x94\x978\x806:ae\xd2\xeb1\x846:C\xa4w\xf7!\x8e6:R\xaa\xbd>n\x1f6:RtX\xaffl6:)\x87\x06!D\x176:\xaf\x91\xadh_\xae6:L\x1e\xb9\xde9\'6:\x95\x05)H\xa7\x806:R\x84\xd3\xb2{\xb76:\xbe\xc4~\xe9A\xf36:b\xc1]\xbe(\xa96:\xc1\xff\x820\xbe\x9b6:R\x18\x00r\xea\xa26:E\x86J\xde\xdb\xf56:N\x1e\x80\xf1=\r6:\xcbq\x0f\xc4A\xf36:N\x9f\xa3\x02A\xf36:\xb4\xc2\xe4\xa2e)6:\xca\xab\xfe\x0cA\xf36:\xc8\xe9a\x13A\xf36:Z\xc8\x8d6\xfb56:|\x08\xdfEA\xf36:\xbe\x88\xb4\xc6Uy6:]\x8e\x84\xe4`u6:Es\x1e\\H\x086:\x8e\xb3\xf5/M\xae6:S\x1dG\x0fQ\xd56:y66#&\xb26:A\x10\xc4\x99\xd886:R\xd7?"PW6:C\xa1L\x86C\x9d6:[At\x935!6:x<\x01,=\'6::\x07\xa2\x0eP\xd76:lS\xab\x91^\xe86:_\x8a9C\xe0\x986:\xb4\xd7A\x12s\x896:O\xb7\xd1\xf6\xden6:R\xab\x15\xcbJ:6:y66QA\xf36:\x02Z\x04\x173\xcc6:H\xa01\xf8\xdd\xef6:NeXt\xb9\xad6:\x18\x8a\xffbA\xf36:mC\x08\xcc(h6:\xb6]?\xc2\x1f_6:c\xfdN\xd2(\xa36:\xd3 \x17\xc9\xfb\xa96:FJ\xa4\xb1-\xd36:)n\xe9\x0b\x1f,6:F0\xf1p(\x8b6:UA\xa6?\xae\xf96:P\xdc?\xe3!\xa06:}Py\x90\xf0\x876:[Jmwwt6:Y\xf3\xc0\x8ar\x976:O\xa1\x83\x93\xd9\xec6:\xcc\xbc\xa1\xecM\xec6:@\xa8\xe52Y66:TW\xd8p/.6:t\xe7]\xbfD\xb66:}UR\xb75\xa3ee1:t2:F\x001:v4:UT[\x8f1:y1:re'
tp93
a(F1313771826.865752
(S'155.97.233.12'
I64255
tI01
S'd1:ad2:id20:\xc5\x04\x10\xfc\xa8\xf5\x9d\xff\x7f\xffj\r\xc6\xd0\xe0\xf2\x14f,\xd49:info_hash20:*\xed\xb9\x9b\x1ey\xe7vC>\xec\xbe\xc6u\xc8G\x04gq$e1:q9:get_peers1:t2:J\x001:v4:NS\x01\x181:y1:qe'
tp94
a(F1313771826.899219
(S'2.60.91.75'
I47692
tp95
I00
S'd1:rd2:id20:*\xec\xb9\xfe\xe1\xf4]\xae\x01\xbfIs\x8e\x99\x90 \xf4\x83(\xd92:ip4:\x82\xe5\x81s5:nodes208:*\xed\xba\xc6*\x9d<\x18]\x0e\xc0f\x02\xcd,\x99\x93\x1b\xeemZ\x9b\xc7\x87\xf3\x0f*\xed\x8a\x17F\xa4P{\xa6\x7f>]~|H\xad\'J\x05{2\x15\x84\x8e\xf7e*\xed\xf9\xe6\x9b\x14\xbd]\xc4g\xb0`\xb0L\x18\xaeD\xaaJ\xf9>\xcd\xf27rk*\xed\xe9\xd5\x9f\xd305?H~\x98\x9fs=C\x99\t\x8a\xca\xcbmN\xd5tQ*\xed-D-\xd9\xcdv\x9f\xa83\x0e\xb4\x0eP\x0c\xfe\xa5\x89\rt\xee\xf6\x8c>\x81*\xed\x153\xf6K.~\xe1T=\x08\x85$Y5\x8dA\xd5\xdcb\xef2\xf2R\xa1*\xed\\bu\xd2\xa13m#D\xc6z\xdf\x9dMp\xa1\xb1\xbd_8\x06\xfc\x1a\xe1*\xedI\xec\xb4\x99\xeez\xdb\x93\xb06\xb3!z\xeb\xf9\x03\x90\xe4U\x9d\x05F\x9f\xf45:token20:\x1bA\x1a\x84\xfa\x9fh\xdeRw\x1d\xc8\x844\xb8\x9a5\x89L$6:valuesl6:Q\xb6\xdd0>\x136:)n\xe9\x0b\x1f,6:c\xf2\x92L1\xb16:Z\xd9O\xe2"\xeb6:|R_e\xe966:P\xdc?\xe3!\xa06:y66QA\xf36:C\xa4w\xf7!\x8e6:\x18\x8a\xffbA\xf36:)\xe9\x97\xf9T16:C\xa1L\x86C\x9d6:N\x1e\x80\xf1=\r6:\xbbs\xa5\xc9A\xf36:y66#&\xb26:b\xc1]\xbe(\xa96:S\x0fv\xd2\xd2\xae6:x<\x01,=\'6:N\x08IQ\\"6:\xb2\x95\n\x8e#16:R\xab\x15\xcbJ:6:\xbdr\xe5\x93A\xf36:FJ\xa4\xb1-\xd36:\xc8\xe9a\x13A\xf36:\xbe\xc4~\xe9A\xf36:Tl\xec\xb6\xa3\x066:S\x1dG\x0fQ\xd56:=\x06\xfe\xc5A\xf36:B\x14_H\xb5\x876:\xbe\x10ksUy6:ae\xd2\xeb1\x846:\x02Z\x04\x173\xcc6:c\xfdN\xd2(\xa36:\xca\xab\xfe\x0cA\xf36:\xb6]?\xc2\x1f_6:\xb4\xc2\xe4\xa2e)6:lS\xab\x91^\xe86:T^S\xe9\xb2r6:R,\xce\x01\xdd\x156:<0\xdd!JUee1:t2:C\x001:v4:UTb*1:y1:re'
tp96
a(F1313771826.910373
(S'90.155.199.135'
I62223
tI01
S'd1:ad2:id20:\xc5\x04\x10\xfc\xa8\xf5\x9d\xff\x7f\xffj\r\xc6\xd0\xe0\xf2\x14f,\xd49:info_hash20:*\xed\xb9\x9b\x1ey\xe7vC>\xec\xbe\xc6u\xc8G\x04gq$e1:q9:get_peers1:t2:K\x001:v4:NS\x01\x181:y1:qe'
tp97
a(F1313771826.9858351
(S'178.128.132.249'
I52056
tp98
I00
S'd1:ad2:id20:\xa2s\xe1\x13~\x82\n,\x84J\xad\xc3V\xc7L!D\x833\xe26:target20:\xa2s\xae\x8e\xa8\xb1m\x97\xa5=\xdb\xfd\x03Y\xb4\xd0\x84\x1a\xcfre1:q9:find_node1:t4:V>.\xce1:v4:UTct1:y1:qe'
tp99
a(F1313771826.9867799
g98
I01
S'd1:rd2:id20:\xc5\x04\x10\xfc\xa8\xf5\x9d\xff\x7f\xffj\r\xc6\xd0\xe0\xf2\x14f,\xd45:nodes208:\xcc\xbc\xdf\x0cu^c\x86=\xa6\xf2\xe2B\x83\xce6\xd9P\xf7H\xdd\x85.b\xa1u\xc7d1\x0f\x14\xdc\xee\xa6$o,Ifam\x7f\x1b}\xa3\x83V\x88\xcc\xb7$\xf0\xc4\x0c\xc6T\xd3V\x0e\x0cZ\xda\xfb\xf0\xa7\x9e\x12;,\x1f\xdc\xa4\xd5\xe7\x18aUS\xc4Ijf\xa7\xa0\xa2\x94R}\xf6-\xe3\x97\xda\x87\xeb\xecg [yK\x83\xff\x01\xc4\xc2?;\xfd\x7f\xbdc{3\xed\xdd\x0bg\x82\xd4\xb3\xbb\xae\x19[\xe2X\xda\xee\t\xc5+\xb6=\xe0\n\x8b\x1f&\x17\xa6"\xa84\xf6\xd4\xab\x14:CD\x8cI\x9f\x97\x95\xc5\x0f\xe0?\x95\x0f\x9a\xec\x11E\xeb\x08\xbff\x8e\xbf\r\xd4\x94\xbaad ;K\x90\xc5\x08\xb1$\xbe\xd8 \xec[(2)1\xa6\x90\xd5 \x8b\x84OcCJx\xac\x10e1:t4:V>.\xce1:v4:NS\x01\x181:y1:re'
tp100
a(F1313771827.1880629
(S'155.97.233.12'
I64255
tI00
S'd1:rd2:id20:*\xed\xe6\xf3\xbfA\x99q\xf7\x9c\x1b\x80M\x11\xea\xbcPR\xaa42:ip4:\x82\xe5\x81s5:nodes26:*\xed\xba\xc6*\x9d<\x18]\x0e\xc0f\x02\xcd,\x99\x93\x1b\xeemZ\x9b\xc7\x87\xf3\x0f5:token20:=\x86\xdb\xb7;:\x05\x95\x06\x04\x18m\xa8\x12\x87\xf6\xdab"\xca6:valuesl6:Or\x0e\xd27\xe86:\x18\xdeF%\x93\x886:\\S\xc7RX\x0b6:G\x115NF\xa66:)\xd2\x05\x93\xabA6:v\x88A!i\xe26:\x1f\tD^\xb866:\xc1[\x8e\x81G\x116:b\x12\x0b\x95\xa1g6:Oe\xda\xf1\xa7"6:Dg\xc89\x9f\xa16:)\xda\xe8\xbd\xe2\t6:GD\xcf<\xf4\xb46:Q\x9b `\xa3_6:\x1f\x95:\xb6J\xad6:N~\xae\xd6CM6:UA)\xa2f\x0f6:\xb6\xb9\xe2M\x90"6:\xc4\xd5"J\xed\x936:\xc6\xa47\x11\xd3\xf36:\xba\x900\x08\x83\xc16:\x023\x19\xf2S\xe66:^\xb6l\xb5\x80\xcd6:\xba\xd5\x0b%|\x8a6:FC\xf6\xdcY\x066:J\xc7\x0c\x97.\xd06:Q\xe7u\t\xe4"6:N\x8f\x9e!.\xe76:w.\xce\x14A\xf36:w\x99\x9e\xa1@\xf86:\xb4\x83\xe7[\xab\x9c6:ad\xc5\x805\x886:m\xf2]\xe6q\xeb6:E\x9fWF~r6:\xb2\xde\x88\x0f\xa3A6:CF\xa2\xb4I\xd66:V\x00\xf8\xf9I\xb56:`\x19)\x1dR?6:X\xd4%3\xec\x8d6:\xc9/\x1cQTF6:Z\xde\xe8=\xb9\xda6:Q\x9a\xf5biy6:;eyc\x1a\xe26:R\x9c*\x81\xc0\xfd6:Q\n\xc6\xfb\x1a\xe16:]\xac\x88\xbe\x85\xdc6:z\xc9\x12\x8a\xcd\xd46:D>\x02c\xde{6:P\x01\xfa\xf2\xefn6:p\xc8r\x8e\xcc\xf86:z\x94\x10Cx\x036:\x18J\xb1k\xef\xb46:\xb2\xdeT\x07\xe6\x9c6:.!`\x05V\xae6:\xbds\xf9\x9f0K6:SW\xa7N}\xad6:z\xac\x15\xa5Ld6:G\xc1\xf0A~\x9a6:\xaf\xcc7\xf9\x9356:N\x1e\x80\xf1=\r6:SQe\x96i%6:\xaet\xbb\x86\xe0\xfe6:O\xa0m\xddg\xe86:H\xb2\xda3\xbd<6:U\x9d\n\x9f\xd0\xd66:\x02Xp%\x1a\xe16:wJ\xd5\xb94\xb56:\xd4\x8b]\x1b\x8f\x9e6:\xc70\xdd\x95\xc5\xb06:p\xca\x1e\x0b[16:y\xdb\xe9r\x91\xf36:rO\x94g\xf9\xac6:P\x04\x03\x89\xc1\xda6:m\xbaH\xf8\xdc\x856:P\xec?\xd1\xf2\xca6:H1\x9e\x15X\xa06:aa\x10"\x82\xd66:\x1f\xc0\xc9U\xfb*6:We\xc1\xdfu^6:af=U\xf8p6:Y\xa4\xc7\xe9\xc1\x856:O\xb1\x1e3\xae\x0b6:V\x1e\xe5\x18\xd7z6:=\x06\xc4\xb1D\xe46:c!\xf1\x11\x01\xbb6:\x1bmt\x0c\xb3\x956:2\x08\\\xc0+\xbd6:K$\xd7yUy6:\\$\xd3\x94q\xe26:\x02aY\x1d\x8eb6:Y\xe5\xf7i\xad\x866:U\x83\x81\xaf\xf1U6:)\x85 i\x8b\xbe6:c\xaa\xa1\x8b\xca56:\xc4)\xcej\xca\xae6:\xaf\x8e\xb9\xd6M\xd36:P2\x04V\x82\x836:|\xb0\xe9n\xe7b6:)\xd2\x0e\x12\x7f\x046:\x1bn\xac\x11,\xbe6:>\x1e\xe3sq\xc66:Xn;\x8d$.6:vd\x0c\xbc\xa3\xfb6:\xc9:\xd0\xc3i\xc06:\xaem[\x06K86:G\xe5\x196\xd3\x036:J\x88\x80\xf5+t6:W\xd0\xf7\xcf}\x8f6:m\x98\xad\xa36L6:Y\\|\x08\xe7\x0e6:y\x80\xbe\xfb\xe1\x816:\\\x10\x12~\xa4\xb56:\xcc\x01\xd0\x0eZA6:>A\xe1\x97\x88o6:.\xc6@\xfa\xad\xdb6:\xc4\xca\xe8\xc2G|6:C\xb8\x9e\xaaV\x006:`\xe3\x03%4\xd66:\x1bn\xa8\xbbbE6:W\xce\xce\xaa\xab\xdf6:YO\x9f\xad\xf3\xaf6:q\x16J\xd1\xc0\xba6:vd\x8b|~@6:.t!\xac6\xfd6:y-\xc9\xa0\xc5D6:P\xde}~\xfa\xb76:N\x977(\xd1$6:[K\x04O<c6:c\'\xf39\xe2\x976:Jm=\x0c`}6:T\xea\xb6\xdd\xcfX6:s\x87\xe0\x15\xd6\x956:y`a\xc5\xe7\x0f6:\x18K\xa2\xb1\xd5\xe96:mB\xce\xd6\xaf"6:\xc3\xf1\xe7S\xc4\x1e6:\xbb\x05,[CY6:\xbc7\x05f\xeb\xf86:\xad\xb7Q\xb1@+6:y6 \x9dr\x006:Ok\xcb\xe6\xd9\xee6:\x02R<6q\x8f6:\\\x1a\xc4&}\x826:TZ\x81P\xfcP6:U\xd2\xbf\xc4\xc0*6:S\xb3\x1cy\xde=6:\xbe\x10S\x99\x87\xef6:U\xe2\x9e\xb2~\xf76:y\xd6\x8e\xe4\x82\x8e6:s\xa1\x80p\xa956:\x023s\x9d;\xf66:\xc92&\xdf|D6:\xb1\x12D\xa0\xee+6:UI\xeai\x81B6:\x02\x1cG\xd9J\x916:aM\xae\x89\xf4\xe86:\x18\xa4\x18o\xa0<6:Ma\xa8\x0c\xcc_6:\xb2\x98F\x05\xde\xa36:\x02\xde\x15\xb9\xcbwee1:t2:J\x001:v4:UTb*1:y1:re'
tp101
a(F1313771827.197921
(S'50.21.132.142'
I63333
tI01
S'd1:ad2:id20:\xc5\x04\x10\xfc\xa8\xf5\x9d\xff\x7f\xffj\r\xc6\xd0\xe0\xf2\x14f,\xd49:info_hash20:*\xed\xb9\x9b\x1ey\xe7vC>\xec\xbe\xc6u\xc8G\x04gq$e1:q9:get_peers1:t2:L\x001:v4:NS\x01\x181:y1:qe'
tp102
a(F1313771827.3906269
(S'50.21.132.142'
I63333
tp103
I00
S'd1:rd2:id20:*\xed\x8a\x17F\xa4P{\xa6\x7f>]~|H\xad\'J\x05{2:ip4:\x82\xe5\x81s5:nodes208:*\xed\xb8\x8f\xb6\xc6\x08\x81\x81\xad\x06D\xae\x08jN\x1e\xc6\xd2\x18T\xd1R\xc1X\x0f*\xed\xba\xc6*\x9d<\x18]\x0e\xc0f\x02\xcd,\x99\x93\x1b\xeemMz\x98\x0bf\x99*\xed\xba\xc6*\x9d<\x18]\x0e\xc0f\x02\xcd,\x99\x93\x1b\xeemTpgP\r\x9b*\xed\xbd\xc8\x1d\x97\xdd\xdf\xda\x8eP#K\xa6\xfd\x04\x86\x03D\xe0\xd5\x16\xe7D\x9c\xd8*\xed\xb1\xae\x8e\\\xd8"\xb8\x86\x98b\xb3\xa1d\xea\x9e\x9ft\xda{\xca\xc4\xd9b\x03*\xed\xb6T\xf9n\x12\xca\x9b\x82<\xe6\xd2\x85D\xa3\xdaF\xf7\x1b\x1f\xb5\xcb\x18jT*\xed\xaa\xd3\xe6\xf5&\xe9M\x0bD\xb1\xd0,\x1d\xafx\x92\xe5Nr[\xf3\xd3\x1dA*\xed\xac\xd8\xe4\xeb\x89\x00 \xad\x13m\x10\xe9\xf5\xd5e\x98\x03%\\\x98\xeb\x8f;W5:token20:\x0f\x18\x1e\x12\x96\x18\x8dmk\x9f$\xec\xa8\'@\xb3\xb8\xf1w\x086:valuesl6:)\xf9\x04\x1e\xba*6:\xaf\x89\x00\x98H\x126:b\x12y\xa74D6:R\x1e\x99\xdc\xcf\x886:)\x87\xc5\xdd\xf5m6:p\xc6Q\xb4\xcf26:\x18\x9e\xa9\x98\x95\x166:b\xb0\x86Y\xea\'6:x<\x01,=\'6:\xb7S\xecA>\xa96::`!\xf4\xc3\xcd6:;dG\'\xc1%6:\x01\x94\x95\xa1\xafY6:\xb2\x10F(O\xf16:P\xdc?\xe3!\xa06:Xn\x99DI[6:E\xb0\xa2i,\xf96:Kd5\xb1w\x0b6:\xb2\x80\x15\x8b\xdf\x896:R\xab\x15\xcbJ:6:\\`\xa8\xacS\xa96:b\x16\xd4\xf7\x89p6:]\x8e\x8a\xee\xc4\xa46:X\xc1[\xb8\xa4\xcd6:Q\xa6S\xebk\x7f6:wJ\x9d\xac\xd4\n6:\x8e\xb39\xc5TA6:O\xbf\xf6i\xcdi6:^\xed_!\xcf\x826:x\x1dI\xea\xae(6:Y\xeah\xb6qf6:r\x8e\xd7`\xb9B6:D\x05\xe55\xbc\'6:B\xd8\xe1\xa5\xc3\xdb6:\xba9\xd5q\xd5\xdb6:p\xd2\xc0\xaa\xc8e6:Z\xd9O\xe2"\xeb6:\xd8\xf6\x89\xb0\x9e\xf46:.\xb0X\x99\x7fl6:G-X\xebg\xd26:U\xda\xc0Q\xc8\xd56:\xb8\'\xa2\x18\x1a\xe16:\xb2\xe1k=H\xc06:\x18\x96\xff.g\xd56:V^Q\xc8x\xc86:p\xc6\x98 g46:]`9\xaa\x89h6:OgD\xdc)\xdf6:n P\x11U+6:\x18r\xfc\xf1\xc5\x0f6:O\xb9\xa4\xaf\x9276:\xaf\x90rs*s6:^\xca\x17?w\xb46:>\xe4-\x17f+6:>\x1f[\xa6\xa1R6:V\x84\x01\xc7\xe4\x986:)n\xe9\x0b\x1f,6:p\x87:\xde\xafV6:c=\\\xb4\xf6\x886:s\x87]\xf9\xcfJ6:c\x11\xf2\xa2\xca\xb46:=\xcfl\xab\xa9\x076:^G\xc2R\x9b\xe06:U\xe4\xdb\x1b\xdf\xa76:R\x08\x1b\xd4CM6:[\x96\x8bi\xfb\x036:p\xd2\xd1R\x83,6:\xbe\x10ksUy6:Rr_\xf1\xb8e6:O\xa0S\x0eY36:\xb4\xc2\xe4\xa2e)6:N\x95\xf1\xfd\xe8<6:Y\x8e\x1eM+>6:`/\x91j\xb8Y6:[J-\xd9y\xcf6:J\xb7\x01o\xf4\x1b6:\xda\xd4d\x8ad\xf86:\x18([\x0bN{6:\\\xfb_w\xc2\xdc6:\xbdr\xe5\x93A\xf36:\xb2\xfe\xbd\xfan"6:Y\xf1o\xbb\xec\x886:p\xcd\xa6\x8e~\xd66:\xd5\xc0C\x06\x91\xe76:Q\xdb\xcar:\xdb6:Y\xb4\xda\xc7\xab\xa06:Ji\xc3\xbb\xb9\xbc6:C\xa4w\xf7!\x8e6:y66#&\xb26:\x1f\x95:\xb6J\xad6:zjR\xd9\xf3P6:N\x93@\xc6)\tee1:t2:L\x001:v4:UTct1:y1:re'
tp104
a(F1313771827.40046
(S'84.209.82.193'
I22543
tI01
S'd1:ad2:id20:\xc5\x04\x10\xfc\xa8\xf5\x9d\xff\x7f\xffj\r\xc6\xd0\xe0\xf2\x14f,\xd49:info_hash20:*\xed\xb9\x9b\x1ey\xe7vC>\xec\xbe\xc6u\xc8G\x04gq$e1:q9:get_peers1:t2:M\x001:v4:NS\x01\x181:y1:qe'
tp105
a(F1313771827.41974
(S'84.209.82.193'
I22543
tp106
I00
S'd1:rd2:id20:*\xed\xb8\x8f\xb6\xc6\x08\x81\x81\xad\x06D\xae\x08jN\x1e\xc6\xd2\x182:ip4:\x82\xe5\x81s5:nodes208:*\xed\xb9P\xd7\xe4\xaa\xee\xfa\x96E\xa6\xac\xac\x86H\xd6\xa9O\xdclU\xf0\xce\xd4M*\xed\xb9P\xd7\xe4\xaa\xee\xfa\x96E\xa6\xac\xac\x86H\xd6\xa9O\xdclU\xf0\xce\xde\x07*\xed\xb9P\xd7\xe4\xaa\xee\xfa\x96E\xa6\xac\xac\x86H\xd6\xa9O\xdclU\xf0\xce\xc5\x05*\xed\xba\xc6*\x9d<\x18]\x0e\xc0f\x02\xcd,\x99\x93\x1b\xeem.\x0b\x1f\xf6j6*\xed\xba\xc6*\x9d<\x18]\x0e\xc0f\x02\xcd,\x99\x93\x1b\xeemP\xfbp\xc6\xe2J*\xed\xba\xc6*\x9d<\x18]\x0e\xc0f\x02\xcd,\x99\x93\x1b\xeemN\x85]\xd1j6*\xed\xba\xc6*\x9d<\x18]\x0e\xc0f\x02\xcd,\x99\x93\x1b\xeem\xb2^\x18X@\xa4*\xed\xba\xc6*\x9d<\x18]\x0e\xc0f\x02\xcd,\x99\x93\x1b\xeemN\x85]+j65:token20:{\x8b\x03\xe9\x9d.\x01>\xea\x9a\xa3\xde\x08\xc1O\x8c\xc5<\x08\x166:valuesl6:\xb8\x90J\xe9\xec}6:)n\xe9\x0b\x1f,6:^\x074\xe6\xc9\x016:_\x94\xa0\xd6\xf426:b\xd9It\xc7N6:<6C\x7f+R6:\x8e\xa7\xd6\xc8e\xe56:\xbc\x1b\xf9d\xae\x996:W\xcd\x1f\x15*h6:\xd5\'\x9a\xf0Nw6:\xbc\x04\xaf\xf2\xa7\xff6:\x02\xd9\x1c\xe1^\xe46:Z\xa2oC\x9d\xdc6:|\xb3_\x11B\x886:`*\x95\x81\xfc\xa26:\x8e;2E3\xea6:Z\xd9`\xf9A\x8c6:\x02}\xaf\x02Nm6:\x02P\xc9\xeb\xfb\xcf6:\xb4\xc2\x06\x0bO\xb66:P\xca{h\xcd\x8f6:m\xf2\xae\x99|S6:c\xec\xec\x04\xc8\xd56:LTr\xee\xc8\xd56:W\xdaa\x1b\xa2\x966:Z\xd9O\xe2"\xeb6:C\xa1L\x86C\x9d6:\xb8\xa4$\x1f1\x106:G3\xc0\x13\xea\xc16:z\xa3p\xac\xf5x6:\x8e\xa1\xce\xfb\x9d\xf56:l\x11\x16\xa4F46:T\xfa;\x83B\xe46:S\xf9V\x17c}6:OFG\x86~\x116:m\xbd3\x8c\xd5\x0c6:_\\\x19\x87^\xdc6:G\x08z5\xaeB6:S\xf9D8Z<6:WE?\x7fd\xe16:Z\xd2\x81\xc2v\xbc6:W4`\xae\x82\xa96:=\x1c\xa2$Tf6:\xd9\'\x07\xfc\xc2\xaa6:^\xca\xaf\xf1\xc8\xa96:G\xafVb\xc3\x056:b\x15\xf6\xf4\xeas6:TW\xd8p/.6:s\x87\xb0\x05\xdfF6:\xce\xa3\xfbw\x00\xc96:JDls\xad\x016:z\xb3\x86-\xd6@6:L\xd2\xe4\x19\xbf\xa06:\xbcP5\x1b-C6:\xd5\n\x9fl\xd1\xa56:]\x8a\x16\xb9~\x196:`1G\x9c\xf9\xec6:^\xf6Y^Nk6:^\x15\xca\xc4<<6:m\xa0\xe7\x89\x90\x906:\x1f\x93{\xe4\xfd\x1b6:^;\xd1n\x8d\x086:\xadE\xc8en\xc86:\xd8y\x8b\xac\xc8\xd56:LwA\x95\xa6\x136:\\Q\x97\xc5\x8406:NV\xd5\xf1*s6:c\xfb\xf8\x8a\xb296:\x18A\xe5\xf1\x84\x926:A0\xa7\xe9H\x046:p\xc8/\x05(u6:P\x03\x87\n\xe4\x896:Og\x9d\x91\xd4\xb16:\x18\\{\xc2\xf9J6:W\xceX>\xe3R6:lS\xab\x91^\xe86:N\x91J\xfe\xeb\xd86:l\x0b\xe5\xbd\x8c\xf26:\x18}\xe2G\xa8C6:\xde\x7fH9\xd8\xac6:y66#&\xb26:^\x07l\x86\x86U6:\xb4\xbf\x12w\x88Gee1:t2:M\x001:v4:UTb\xd61:y1:re'
tp107
a(F1313771827.4374471
(S'108.85.240.206'
I54349
tI01
S'd1:ad2:id20:\xc5\x04\x10\xfc\xa8\xf5\x9d\xff\x7f\xffj\r\xc6\xd0\xe0\xf2\x14f,\xd49:info_hash20:*\xed\xb9\x9b\x1ey\xe7vC>\xec\xbe\xc6u\xc8G\x04gq$e1:q9:get_peers1:t2:N\x001:v4:NS\x01\x181:y1:qe'
tp108
a(F1313771827.6302691
(S'82.8.136.133'
I45682
tp109
I00
S"d1:ad2:id20:\xa2s\xeb\x8de\xd7P\xdd\xf0\xd3NXo\x98\\4\xe4\x9d8\xe46:target20:\xa2s\xb4\x16\xf6\x89\x80*\xe1\x88\xc7\x86\x87\x95\xb8\x0b\xd57\xf1\xa1e1:q9:find_node1:t4:>D'Z1:v4:UTb*1:y1:qe"
tp110
a(F1313771827.6312571
g109
I01
S'd1:rd2:id20:\xc5\x04\x10\xfc\xa8\xf5\x9d\xff\x7f\xffj\r\xc6\xd0\xe0\xf2\x14f,\xd45:nodes208:\xcc\xbc\xdf\x0cu^c\x86=\xa6\xf2\xe2B\x83\xce6\xd9P\xf7H\xdd\x85.b\xa1u\xc7d1\x0f\x14\xdc\xee\xa6$o,Ifam\x7f\x1b}\xa3\x83V\x88\xcc\xb7$\xf0\xc4\x0c\xc6T\xd3V\x0e\x0cZ\xda\xfb\xf0\xa7\x9e\x12;,\x1f\xdc\xa4\xd5\xe7\x18aUS\xc4Ijf\xa7\xa0\xa2\x94R}\xf6-\xe3\x97\xda\x87\xeb\xecg [yK\x83\xff\x01\xc4\xc2?;\xfd\x7f\xbdc{3\xed\xdd\x0bg\x82\xd4\xb3\xbb\xae\x19[\xe2X\xda\xee\t\xc5+\xb6=\xe0\n\x8b\x1f&\x17\xa6"\xa84\xf6\xd4\xab\x14:CD\x8cI\x9f\x97\x95\xc5\x0f\xe0?\x95\x0f\x9a\xec\x11E\xeb\x08\xbff\x8e\xbf\r\xd4\x94\xbaad ;K\x90\xc5\x08\xb1$\xbe\xd8 \xec[(2)1\xa6\x90\xd5 \x8b\x84OcCJx\xac\x10e1:t4:>D\'Z1:v4:NS\x01\x181:y1:re'
tp111
a(F1313771827.735332
(S'61.18.80.24'
I9797
tp112
I01
S'd1:ad2:id20:\xc5\x04\x10\xfc\xa8\xf5\x9d\xff\x7f\xffj\r\xc6\xd0\xe0\xf2\x14f,\xd46:target20:\xc5\x04\x10\xfc\xa8\xf5\x9d\xff\x7f\xffj\r\xc6\xd0\xe0\xf2\x14f,\xd4e1:q9:find_node1:t2:O\x001:v4:NS\x01\x181:y1:qe'
tp113
a(F1313771827.735404
(S'200.2.137.252'
I14899
tI01
S'd1:ad2:id20:\xc5\x04\x10\xfc\xa8\xf5\x9d\xff\x7f\xffj\r\xc6\xd0\xe0\xf2\x14f,\xd46:target20:\xc5\x04\x10\xfc\xa8\xf5\x9d\xff\x7f\xffj\r\xc6\xd0\xe0\xf2\x14f,\xd4e1:q9:find_node1:t2:P\x001:v4:NS\x01\x181:y1:qe'
tp114
a(F1313771827.951647
(S'93.81.137.207'
I27688
tp115
I00
S'd1:ad2:id20:\xc5\x04\xb9\xe4\x12U\xb3}\xae^"/\xafwd\xd5|\xf4\x15z6:target20:\xc5\x04\x12\x9c\xfe\xaf\xbbQ\xda\x80\xae@\x9d?\x16 0yA\x1be1:q9:find_node1:t4:\x068\x08\x081:v4:UTb*1:y1:qe'
tp116
a(F1313771827.9526899
g115
I01
S'd1:rd2:id20:\xc5\x04\x10\xfc\xa8\xf5\x9d\xff\x7f\xffj\r\xc6\xd0\xe0\xf2\x14f,\xd45:nodes208:\xc5\x04\x13q\xe2b\x19@\x15&\xf2\x87\x0e\x13\xe4\xc2g(\x85\x83r\x18r\xc7:\x91\xc5\x04\x11\xda\x99/\xfc\x83\xceYg\x0eS{:\x83R\x88Q\x18\xbb\x93\x05>l\x9b\xc5\x04\x10\xfc\xa8\xf5\x9d\xff\x7f\xffj\r\xc6\xd0\xe0\xf2\x14f,\xd4\x7f\x00\x00\x01\x1bX\xc5\x04\x17\x1e-\x00\xb1\xa8\xe9\xa38\xa5m\xb5\xf7\xe4\x83\x00\xec\x80\xc8\x02\x89\xfc:3\xc5\x04\x0f{\xa2Yi\x0b\xe3<5\xbd8\xc6\xf6{\xb7,\x02\x98\x18%\xf85>\xf9\xc5\x044\x14\xd0\x93\xb8a+\x1e\xf9\xb2\x0c\xbf\xa52\xd0\xa5\x19\tY \x9a\x95\x82\xaa\xc5\x04d\x97w\xde\n\x1a\x0b\x0b\xb6\xe8s6R\xe6&\xe2\xd3i\\pr\xfb\xf0\x80\xc5\x04\xd6u\x18\x9ea\xe9\x023\x9a\x04\x10\xdc/\xb9\x8f\x8b\xae\x1c.\x8a\x83\x82M\x11e1:t4:\x068\x08\x081:v4:NS\x01\x181:y1:re'
tp117
a(F1313771827.9709661
(S'95.133.177.15'
I64838
tp118
I00
S'd1:ad2:id20:4|\xf36,\xac\xb3\xc7N\xe0\xed\xdfhNL\x93\xf9\xf4\x9d#9:info_hash20:\xa2s\xb9Dy&\xaeV\xc3\xdc\x0e\xd3\xc4\x10\xc7\xe5\xfb||\x9ce1:q9:get_peers1:t4:\x10\xb0\xc6.1:v4:UTct1:y1:qe'
tp119
a(F1313771827.9718709
g118
I01
S'd1:rd2:id20:\xc5\x04\x10\xfc\xa8\xf5\x9d\xff\x7f\xffj\r\xc6\xd0\xe0\xf2\x14f,\xd45:nodes208:\xcc\xbc\xdf\x0cu^c\x86=\xa6\xf2\xe2B\x83\xce6\xd9P\xf7H\xdd\x85.b\xa1u\xc7d1\x0f\x14\xdc\xee\xa6$o,Ifam\x7f\x1b}\xa3\x83V\x88\xcc\xb7$\xf0\xc4\x0c\xc6T\xd3V\x0e\x0cZ\xda\xfb\xf0\xa7\x9e\x12;,\x1f\xdc\xa4\xd5\xe7\x18aUS\xc4Ijf\xa7\xa0\xa2\x94R}\xf6-\xe3\x97\xda\x87\xeb\xecg [yK\x83\xff\x01\xc4\xc2?;\xfd\x7f\xbdc{3\xed\xdd\x0bg\x82\xd4\xb3\xbb\xae\x19[\xe2X\xda\xee\t\xc5+\xb6=\xe0\n\x8b\x1f&\x17\xa6"\xa84\xf6\xd4\xab\x14:CD\x8cI\x9f\x97\x95\xc5\x0f\xe0?\x95\x0f\x9a\xec\x11E\xeb\x08\xbff\x8e\xbf\r\xd4\x94\xbaad ;K\x90\xc5\x08\xb1$\xbe\xd8 \xec[(2)1\xa6\x90\xd5 \x8b\x84OcCJx\xac\x105:token3:123e1:t4:\x10\xb0\xc6.1:v4:NS\x01\x181:y1:re'
tp120
a(F1313771827.997463
(S'200.2.137.252'
I14899
tI00
S'd1:rd2:id20:\xc5\x04\x17\x1e-\x00\xb1\xa8\xe9\xa38\xa5m\xb5\xf7\xe4\x83\x00\xec\x802:ip4:\x82\xe5\x81s5:nodes208:\xc5\x04\x10\xfc\xa8\xf5\x9d\xff\x7f\xffj\r\xc6\xd0\xe0\xf2\x14f,\xd4\x82\xe5\x81s\x1bX\xc5\x04\x11\xfc\xd0\xc71\xdb\xc3\x8b\xbc.Y\xda\xf6\x12\t\x07\xd08}\xb5\xd6\x1e\xd3\x8b\xc5\x04\x12\x88>}\xd3\xfd\xb3L\x8c\xb4\x1f\xc2P];\xceX\x10s\xf82\x14\xa90\xc5\x04\x13\xe4G.#\xc4\xf2\xc7\xa0\xe6\xa9Z\x16\xe7\x85\xd8\xbd\x00_\x1c\x05#J\xab\xc5\x04\x13q\xe2b\x19@\x15&\xf2\x87\x0e\x13\xe4\xc2g(\x85\x83r!\xe1\xde!B\xc5\x04\x14GH\xeaE\\\xa0\xb8\xf0\x01\x92y!pNN}>:\xf1\x87O\xab\xce\xc5\x04\x14\x1d\xa6h\xf2\x8f\x8b\x8d\xa7\x94\xd8)w\xb598a\xdf\xc8\xaf\xad\xadt\x97\xc5\x04\x01[\x18\xd4\x03\xc4\x1ct?\x048)s\\\xdeA\x7f\xe0T}\x9d\xfdX\x92e1:t2:P\x001:v4:UTb*1:y1:re'
tp121
a(F1313771828.0036221
(S'125.181.214.30'
I54155
tp122
I01
S'd1:ad2:id20:\xc5\x04\x10\xfc\xa8\xf5\x9d\xff\x7f\xffj\r\xc6\xd0\xe0\xf2\x14f,\xd46:target20:\xc5\x04\x10\xfc\xa8\xf5\x9d\xff\x7f\xffj\r\xc6\xd0\xe0\xf2\x14f,\xd4e1:q9:find_node1:t2:Q\x001:v4:NS\x01\x181:y1:qe'
tp123
a(F1313771828.752584
(S'194.187.151.116'
I22446
tp124
I00
S'd1:ad2:id20:\xa2s\xb9\xb8]\xc8\x83`y4I\xfadR\xf6A\x9c]\x10\x196:target20:\xa2s\xba\x898"\x97t\xde\x99=\x82\xf6P\xdc\x8a\x1e\xf6E\x04e1:q9:find_node1:t4:\xd4H\xf9\x9f1:v4:UTb*1:y1:qe'
tp125
a(F1313771828.7537301
g124
I01
S'd1:rd2:id20:\xc5\x04\x10\xfc\xa8\xf5\x9d\xff\x7f\xffj\r\xc6\xd0\xe0\xf2\x14f,\xd45:nodes208:\xcc\xbc\xdf\x0cu^c\x86=\xa6\xf2\xe2B\x83\xce6\xd9P\xf7H\xdd\x85.b\xa1u\xc7d1\x0f\x14\xdc\xee\xa6$o,Ifam\x7f\x1b}\xa3\x83V\x88\xcc\xb7$\xf0\xc4\x0c\xc6T\xd3V\x0e\x0cZ\xda\xfb\xf0\xa7\x9e\x12;,\x1f\xdc\xa4\xd5\xe7\x18aUS\xc4Ijf\xa7\xa0\xa2\x94R}\xf6-\xe3\x97\xda\x87\xeb\xecg [yK\x83\xff\x01\xc4\xc2?;\xfd\x7f\xbdc{3\xed\xdd\x0bg\x82\xd4\xb3\xbb\xae\x19[\xe2X\xda\xee\t\xc5+\xb6=\xe0\n\x8b\x1f&\x17\xa6"\xa84\xf6\xd4\xab\x14:CD\x8cI\x9f\x97\x95\xc5\x0f\xe0?\x95\x0f\x9a\xec\x11E\xeb\x08\xbff\x8e\xbf\r\xd4\x94\xbaad ;K\x90\xc5\x08\xb1$\xbe\xd8 \xec[(2)1\xa6\x90\xd5 \x8b\x84OcCJx\xac\x10e1:t4:\xd4H\xf9\x9f1:v4:NS\x01\x181:y1:re'
tp126
a(F1313771828.756609
(S'77.122.152.11'
I26265
tI01
S'd1:ad2:id20:\xc5\x04\x10\xfc\xa8\xf5\x9d\xff\x7f\xffj\r\xc6\xd0\xe0\xf2\x14f,\xd49:info_hash20:*\xed\xb9\x9b\x1ey\xe7vC>\xec\xbe\xc6u\xc8G\x04gq$e1:q9:get_peers1:t2:R\x001:v4:NS\x01\x181:y1:qe'
tp127
a(F1313771828.756675
(S'42.110.136.212'
I63839
tp128
I00
S'd1:ad2:id20:\xb8\xe5\x8f\x7f\xfb\xf2\xdc\n\x03\x14u\x90\xeci\x16\x81\xd6x\x99I6:target20:\xa2s\xa7)\x87\x12\xf8Z\xfb\xc0\x82\x01\n\xc0\x12\xf0\x05\x89\x11\x05e1:q9:find_node1:t4::\xc8<?1:v4:UTcX1:y1:qe'
tp129
a(F1313771828.7574649
g128
I01
S'd1:rd2:id20:\xc5\x04\x10\xfc\xa8\xf5\x9d\xff\x7f\xffj\r\xc6\xd0\xe0\xf2\x14f,\xd45:nodes208:\xcc\xbc\xdf\x0cu^c\x86=\xa6\xf2\xe2B\x83\xce6\xd9P\xf7H\xdd\x85.b\xa1u\xc7d1\x0f\x14\xdc\xee\xa6$o,Ifam\x7f\x1b}\xa3\x83V\x88\xcc\xb7$\xf0\xc4\x0c\xc6T\xd3V\x0e\x0cZ\xda\xfb\xf0\xa7\x9e\x12;,\x1f\xdc\xa4\xd5\xe7\x18aUS\xc4Ijf\xa7\xa0\xa2\x94R}\xf6-\xe3\x97\xda\x87\xeb\xecg [yK\x83\xff\x01\xc4\xc2?;\xfd\x7f\xbdc{3\xed\xdd\x0bg\x82\xd4\xb3\xbb\xae\x19[\xe2X\xda\xee\t\xc5+\xb6=\xe0\n\x8b\x1f&\x17\xa6"\xa84\xf6\xd4\xab\x14:CD\x8cI\x9f\x97\x95\xc5\x0f\xe0?\x95\x0f\x9a\xec\x11E\xeb\x08\xbff\x8e\xbf\r\xd4\x94\xbaad ;K\x90\xc5\x08\xb1$\xbe\xd8 \xec[(2)1\xa6\x90\xd5 \x8b\x84OcCJx\xac\x10e1:t4::\xc8<?1:v4:NS\x01\x181:y1:re'
tp130
a(F1313771828.85727
(S'77.122.152.11'
I26265
tp131
I00
S'd1:rd2:id20:*\xed\xba\xc6*\x9d<\x18]\x0e\xc0f\x02\xcd,\x99\x93\x1b\xeem2:ip4:\x82\xe5\x81s5:nodes208:*\xed\xbd\xc8\x1d\x97\xdd\xdf\xda\x8eP#K\xa6\xfd\x04\x86\x03D\xe0\xd5\x16\xe7D\x9c\xd8*\xed\xbe@\xec\xda\x80\xea\xa3\xa1\xc3N\x99\x81\x1b\xf1,\x18\xaf\x06\x18\xc4\xc4*\xa9|*\xed\xbc[U\x17\x02\xee\x8cPM\xbf\xb2s\xc2\xeb\xfe\x84\xa4uv\x82<;\x1a\xe1*\xed\xb4?K\xb2V\x18\xdc\xda\xc4\xb0\xdc\x16\xc6\x15vR\xfb\x06\x18\xb8y\xb3\xa5\xc9*\xed\xb1\xae\x8e\\\xd8"\xb8\x86\x98b\xb3\xa1d\xea\x9e\x9ft\xda{\xca\xc4\xd9b\x03*\xed\xae^\x9d\xa5gbh\xfe\x07\x98\x88 \x0b\xc6=\xaa\x95\x19o\xfeJ\x1dJ\xa6*\xed\xabV\x92D5\xb7\xcc\x9197\\\xads\x1e\xef)x\xaf\xaf\xd4\x8b\xa8\xe2G*\xed\x9bw\x82<\x8d\x07x\\\xda\xca[\xc4)7\xe3\xb1C\x0fN\xa7\x0e\x06\xf5"5:token4:{N\x85|6:valuesl6:\x02\x1a\xack\x90\xc46:\x021}\x19\xa6\xfd6:\x02R\xa6\xc7\xc2\xec6:\x02\xd9\xb6A\xf0\xd06:\x02\xdf\xc5z\x84B6:\x186t?\xact6:\x187uO\xfb\xa46:\x18H\x15m\\r6:\x18bNUV\xf76:)"#\xd2\xde\xa86:)\x85:4\xa7N6:)\xe4\xa6\xe9\xbd\xfc6:.g\xf4\x0e\xe8Y6:.\xc6\'\xd8\xda\xc06:>A\xd2\x81Y\xbf6:@\x96\xc2\x10\xb6Y6:COP\xb1v\xaa6:D\xcd\x94\xb1};6:E\n\xd3\x1doG6:E\xa5\xdc_r<6:G\xad\r\xaf8\x996:G\xe6\xd3\x0e\x86\x826:H\x18\xb5\xd5-\x1b6:HO\xb6s]O6:H\xfckp\xb2\xf76:Ky%:\x9b\x8b6:Lx\xd0\x1f\xabQ6:L\xb2\xc5-u\xac6:N\x01\x8du\xcc\xfd6:N\x1e\x80\xf1=\r6:N\x9f\xa3\x02A\xf36:OP\xd7\x051\xc46:Ot\xf3 n\xe16:O\xa6\x99\xbc4\xc76:O\xb7\xd1\xf6\xden6:R\xab\x15\xcbJ:6:S\x08\xdb\xe7`\xa46:S\x1a\x0b\xa0o\x196:S\x1dG\x0fQ\xd56:Sn\xe6\xc2\xf2h6:S\xbb\xc3\xae\xc0~6:S\xe9\x1b\xdd\xbb\xfa6:S\xf4\xe1\xf2\xf5\xe66:T\xcaX\xf9\xa6\x126:UY+\t\xaa\xb16:U\xa7x\xeb\x89\xde6:U\xe5\xc4\xa5(\xf26:W\xcd\x94\x95\xe706:X\xc1[\xb8\xa4\xcd6:X\xc3\xd0\xb8i.6:X\xda\x13\xab\xfb\xf46:YI8%a\xed6:Ye\xb6\xcb\xe9"6:Y\xf2\xfa\x9c\xca\x0b6:Z\xd9O\xe2"\xeb6:Z\xde\xe8=\xb9\xda6:[\x84f\x9d\xecJ6:[\xb3\xa27j\xeb6:^E\xb5\xad\xe7\xac6:^\xff\x9e7\xe7v6:^\xff\xf8\x88X/6:_\x94\xa0\xd6\xf426:_\xe8\x98\xe94\xf26:`2;\xaa\xf4\x176:aY\xd8"\x8c~6:af=U\xf8p6:c =v}\xe96:lP5\xab;\xd16:y6 \x86\xc1_6:y\xdc\xce8\xd1\x836:z\xa2\x0c\x92\xa786:z\xa3\xbc\xf2\xc3\xf56:z\xa7/\x0c\xd116:z\xa9\x91\xf2\x8b\x866:|\x96m#\xc446:\x90\x89\x0b2\xf1\x826:\x97 \xea\x07}|6:\xad 62uv6:\xad7\xa0\x83\xbd\xa26:\xadY\x80\x98U\x026:\xae\x05\x03\xf9\xfa\xcd6:\xae"\x90\xd3\xca\xdf6:\xb1\x11n\xc5\x1a\xe16:\xb2S\xe1\x12\x1a\xe16:\xb2\x95\n\x8e#16:\xb2\xdeg\xb1D.6:\xb8AN{\xfd\xcf6:\xba\xd5\x0b%|\x8a6:\xbb\x04Q\xcdVW6:\xbcS\xbb\xc5\xa1\xa36:\xbdr\xe5\x93A\xf36:\xbe\xebn\xeft\xf06:\xc0\xa6\xcb\n\x80\xba6:\xcf#("`\xbf6:\xcf\xa4t\xaa\xe1f6:\xd1\xc4\xece\xce\xe36:\xd3\x1c5,\xa5\x856:\xd4U\xb22\xdd\xcf6:\xd5\xe9Z\xe7oF6:\xd8\xc5\xa66Jcee1:t2:R\x001:v4:LT\x00\x0f1:y1:re'
tp132
a(F1313771828.866401
(S'46.11.31.246'
I27190
tI01
S'd1:ad2:id20:\xc5\x04\x10\xfc\xa8\xf5\x9d\xff\x7f\xffj\r\xc6\xd0\xe0\xf2\x14f,\xd49:info_hash20:*\xed\xb9\x9b\x1ey\xe7vC>\xec\xbe\xc6u\xc8G\x04gq$e1:q9:get_peers1:t2:S\x001:v4:NS\x01\x181:y1:qe'
tp133
a(F1313771829.777168
(S'115.248.50.20'
I43312
tp134
I01
S'd1:ad2:id20:\xc5\x04\x10\xfc\xa8\xf5\x9d\xff\x7f\xffj\r\xc6\xd0\xe0\xf2\x14f,\xd46:target20:\xc5\x04\x10\xfc\xa8\xf5\x9d\xff\x7f\xffj\r\xc6\xd0\xe0\xf2\x14f,\xd4e1:q9:find_node1:t2:T\x001:v4:NS\x01\x181:y1:qe'
tp135
a(F1313771829.7772601
(S'80.251.112.198'
I57930
tI01
S'd1:ad2:id20:\xc5\x04\x10\xfc\xa8\xf5\x9d\xff\x7f\xffj\r\xc6\xd0\xe0\xf2\x14f,\xd49:info_hash20:*\xed\xb9\x9b\x1ey\xe7vC>\xec\xbe\xc6u\xc8G\x04gq$e1:q9:get_peers1:t2:U\x001:v4:NS\x01\x181:y1:qe'
tp136
a(F1313771829.777333
(S'78.133.93.209'
I27190
tI01
S'd1:ad2:id20:\xc5\x04\x10\xfc\xa8\xf5\x9d\xff\x7f\xffj\r\xc6\xd0\xe0\xf2\x14f,\xd49:info_hash20:*\xed\xb9\x9b\x1ey\xe7vC>\xec\xbe\xc6u\xc8G\x04gq$e1:q9:get_peers1:t2:V\x001:v4:NS\x01\x181:y1:qe'
tp137
a(F1313771829.7774041
(S'178.94.24.88'
I16548
tI01
S'd1:ad2:id20:\xc5\x04\x10\xfc\xa8\xf5\x9d\xff\x7f\xffj\r\xc6\xd0\xe0\xf2\x14f,\xd49:info_hash20:*\xed\xb9\x9b\x1ey\xe7vC>\xec\xbe\xc6u\xc8G\x04gq$e1:q9:get_peers1:t2:W\x001:v4:NS\x01\x181:y1:qe'
tp138
a(F1313771829.7774701
(S'95.28.5.35'
I19115
tp139
I01
S'd1:ad2:id20:\xc5\x04\x10\xfc\xa8\xf5\x9d\xff\x7f\xffj\r\xc6\xd0\xe0\xf2\x14f,\xd46:target20:\xc5\x04\x10\xfc\xa8\xf5\x9d\xff\x7f\xffj\r\xc6\xd0\xe0\xf2\x14f,\xd4e1:q9:find_node1:t2:X\x001:v4:NS\x01\x181:y1:qe'
tp140
a(F1313771830.782814
(S'114.33.225.222'
I8514
tp141
I01
S'd1:ad2:id20:\xc5\x04\x10\xfc\xa8\xf5\x9d\xff\x7f\xffj\r\xc6\xd0\xe0\xf2\x14f,\xd46:target20:\xc5\x04\x10\xfc\xa8\xf5\x9d\xff\x7f\xffj\r\xc6\xd0\xe0\xf2\x14f,\xd4e1:q9:find_node1:t2:Y\x001:v4:NS\x01\x181:y1:qe'
tp142
a(F1313771831.1393771
(S'82.161.211.25'
I24618
tp143
I00
S"d1:ad2:id20:\xb4N\xae\xd0;o\x82\xf58\xf1\xbc\xc4\x08\x81t\xa5p\xaa-\xc29:info_hash20:\xa2s\xb9Dy&\xaeV\xc3\xdc\x0e\xd3\xc4\x10\xc7\xe5\xfb||\x9ce1:q9:get_peers1:t4:'\x9f\x8f[1:v4:UTc`1:y1:qe"
tp144
a(F1313771831.1404459
g143
I01
S'd1:rd2:id20:\xc5\x04\x10\xfc\xa8\xf5\x9d\xff\x7f\xffj\r\xc6\xd0\xe0\xf2\x14f,\xd45:nodes208:\xcc\xbc\xdf\x0cu^c\x86=\xa6\xf2\xe2B\x83\xce6\xd9P\xf7H\xdd\x85.b\xa1u\xc7d1\x0f\x14\xdc\xee\xa6$o,Ifam\x7f\x1b}\xa3\x83V\x88\xcc\xb7$\xf0\xc4\x0c\xc6T\xd3V\x0e\x0cZ\xda\xfb\xf0\xa7\x9e\x12;,\x1f\xdc\xa4\xd5\xe7\x18aUS\xc4Ijf\xa7\xa0\xa2\x94R}\xf6-\xe3\x97\xda\x87\xeb\xecg [yK\x83\xff\x01\xc4\xc2?;\xfd\x7f\xbdc{3\xed\xdd\x0bg\x82\xd4\xb3\xbb\xae\x19[\xe2X\xda\xee\t\xc5+\xb6=\xe0\n\x8b\x1f&\x17\xa6"\xa84\xf6\xd4\xab\x14:CD\x8cI\x9f\x97\x95\xc5\x0f\xe0?\x95\x0f\x9a\xec\x11E\xeb\x08\xbff\x8e\xbf\r\xd4\x94\xbaad ;K\x90\xc5\x08\xb1$\xbe\xd8 \xec[(2)1\xa6\x90\xd5 \x8b\x84OcCJx\xac\x105:token3:123e1:t4:\'\x9f\x8f[1:v4:NS\x01\x181:y1:re'
tp145
a(F1313771831.4581909
(S'176.14.183.51'
I59932
tp146
I00
S'd1:ad2:id20:R\xb7%\x98\xe0\xde\xd8\x84\x9bjXy\x85\xcc\xf9-\xd7\x96^\xcb9:info_hash20:\xc5\x04\x15\xa9+T\xcf\x0e\x98.%\x95w\r8\xd0x\xba\xf0\x8ce1:q9:get_peers1:t4:\xe1\xa0\xbd\x821:v4:UTcN1:y1:qe'
tp147
a(F1313771831.4593229
g146
I01
S'd1:rd2:id20:\xc5\x04\x10\xfc\xa8\xf5\x9d\xff\x7f\xffj\r\xc6\xd0\xe0\xf2\x14f,\xd45:nodes208:\xc5\x04\x17\x1e-\x00\xb1\xa8\xe9\xa38\xa5m\xb5\xf7\xe4\x83\x00\xec\x80\xc8\x02\x89\xfc:3\xc5\x04\x13q\xe2b\x19@\x15&\xf2\x87\x0e\x13\xe4\xc2g(\x85\x83r\x18r\xc7:\x91\xc5\x04\x11\xda\x99/\xfc\x83\xceYg\x0eS{:\x83R\x88Q\x18\xbb\x93\x05>l\x9b\xc5\x04\x10\xfc\xa8\xf5\x9d\xff\x7f\xffj\r\xc6\xd0\xe0\xf2\x14f,\xd4\x7f\x00\x00\x01\x1bX\xc5\x04\x0f{\xa2Yi\x0b\xe3<5\xbd8\xc6\xf6{\xb7,\x02\x98\x18%\xf85>\xf9\xc5\x044\x14\xd0\x93\xb8a+\x1e\xf9\xb2\x0c\xbf\xa52\xd0\xa5\x19\tY \x9a\x95\x82\xaa\xc5\x04d\x97w\xde\n\x1a\x0b\x0b\xb6\xe8s6R\xe6&\xe2\xd3i\\pr\xfb\xf0\x80\xc5\x04\xd6u\x18\x9ea\xe9\x023\x9a\x04\x10\xdc/\xb9\x8f\x8b\xae\x1c.\x8a\x83\x82M\x115:token3:123e1:t4:\xe1\xa0\xbd\x821:v4:NS\x01\x181:y1:re'
tp148
a(F1313771831.819473
(S'108.82.245.79'
I7587
tI00
S'd1:rd2:id20:\xc5\x04\x02\t\\\xda\xeaO\xd4\xd4\x19\xaaG2\x1c\x889\xf5C\x075:nodes208:\xc5\x04\x19\xb7X\xe1v\xc8\xd46F=\x0ehS\x0e\x07\x96g\xdbUKt^+\x9c\xc5\x04\x19\x82\xd4@~An\x92\xb5m\xa5\x98\xc9\xe5\xca\x9a\x9f\x83p\xd2\x891s\x1e\xc5\x04\x1fi\xcd\x13\xd5/\x9eJ\x8a&\xe7\xb7\xb9\xdd\xf9g\x10?\x18L\x06\xcb\xf4 \xc5\x04\x1f\xa4\xaevSa\xa8\x1a\x10S.<\x9e\xef\xdd\x93yXLCv\xcb\xd9\x94\xc5\x04\x15l\xf2\xf2H\xd7\xda\xfbP\x0ci\xd5"\xe8\xd1@f\x87W\n\x96\x95i\xc9\xc5\x04\x13q\xe2b\x19@\x15&\xf2\x87\x0e\x13\xe4\xc2g(\x85\x83r\x18r\xc7:\x91\xc5\x04\x10g\xbb,\xb4\x92\x98\xeai\x1d\xef\xf9\xdc\x13\x91\xf7;\x9dw\x9b\x1aH\'\x1c\xc5\x04\x16#\x0cA\x85\x9e\xb4c\xd1$E\xbbl\xc3\xdd5\r\xd9Y\xcfF\xee\xa4\x10e1:t2:\r\x001:y1:re'
tp149
a(F1313771831.8423951
(S'78.133.93.43'
I27190
tI01
S'd1:ad2:id20:\xc5\x04\x10\xfc\xa8\xf5\x9d\xff\x7f\xffj\r\xc6\xd0\xe0\xf2\x14f,\xd49:info_hash20:*\xed\xb9\x9b\x1ey\xe7vC>\xec\xbe\xc6u\xc8G\x04gq$e1:q9:get_peers1:t2:Z\x001:v4:NS\x01\x181:y1:qe'
tp150
a(F1313771831.842474
(S'58.241.135.79'
I43982
tp151
I01
S'd1:ad2:id20:\xc5\x04\x10\xfc\xa8\xf5\x9d\xff\x7f\xffj\r\xc6\xd0\xe0\xf2\x14f,\xd46:target20:\xc5\x04\x10\xfc\xa8\xf5\x9d\xff\x7f\xffj\r\xc6\xd0\xe0\xf2\x14f,\xd4e1:q9:find_node1:t2:[\x001:v4:NS\x01\x181:y1:qe'
tp152
a(F1313771831.8425479
(S'213.22.231.68'
I40152
tI01
S'd1:ad2:id20:\xc5\x04\x10\xfc\xa8\xf5\x9d\xff\x7f\xffj\r\xc6\xd0\xe0\xf2\x14f,\xd49:info_hash20:*\xed\xb9\x9b\x1ey\xe7vC>\xec\xbe\xc6u\xc8G\x04gq$e1:q9:get_peers1:t2:\\\x001:v4:NS\x01\x181:y1:qe'
tp153
a(F1313771831.8426189
(S'24.196.196.42'
I43388
tI01
S'd1:ad2:id20:\xc5\x04\x10\xfc\xa8\xf5\x9d\xff\x7f\xffj\r\xc6\xd0\xe0\xf2\x14f,\xd49:info_hash20:*\xed\xb9\x9b\x1ey\xe7vC>\xec\xbe\xc6u\xc8G\x04gq$e1:q9:get_peers1:t2:]\x001:v4:NS\x01\x181:y1:qe'
tp154
a(F1313771831.84269
(S'118.130.60.59'
I6881
tI01
S'd1:ad2:id20:\xc5\x04\x10\xfc\xa8\xf5\x9d\xff\x7f\xffj\r\xc6\xd0\xe0\xf2\x14f,\xd49:info_hash20:*\xed\xb9\x9b\x1ey\xe7vC>\xec\xbe\xc6u\xc8G\x04gq$e1:q9:get_peers1:t2:^\x001:v4:NS\x01\x181:y1:qe'
tp155
a(F1313771831.842756
(S'200.175.173.173'
I29847
tp156
I01
S'd1:ad2:id20:\xc5\x04\x10\xfc\xa8\xf5\x9d\xff\x7f\xffj\r\xc6\xd0\xe0\xf2\x14f,\xd46:target20:\xc5\x04\x10\xfc\xa8\xf5\x9d\xff\x7f\xffj\r\xc6\xd0\xe0\xf2\x14f,\xd4e1:q9:find_node1:t2:_\x001:v4:NS\x01\x181:y1:qe'
tp157
a(F1313771831.842828
(S'92.249.121.194'
I61033
tI01
S'd1:ad2:id20:\xc5\x04\x10\xfc\xa8\xf5\x9d\xff\x7f\xffj\r\xc6\xd0\xe0\xf2\x14f,\xd46:target20:\xc5\x04\x10\xfc\xa8\xf5\x9d\xff\x7f\xffj\r\xc6\xd0\xe0\xf2\x14f,\xd4e1:q9:find_node1:t2:`\x001:v4:NS\x01\x181:y1:qe'
tp158
a(F1313771831.842905
(S'178.49.41.198'
I42537
tI01
S'd1:ad2:id20:\xc5\x04\x10\xfc\xa8\xf5\x9d\xff\x7f\xffj\r\xc6\xd0\xe0\xf2\x14f,\xd46:target20:\xc6b\xef\xa5\x04\x19\xabhd\x82\x1b\x8f\x14(\xbde\xbafP\xd4e1:q9:find_node1:t2:a\x001:v4:NS\x01\x181:y1:qe'
tp159
a(F1313771831.9006629
(S'92.249.121.194'
I61033
tp160
I00
S'd1:rd2:id20:\xc5F\xb7\xdc\xeb\xaf\x03\xaaX\xe1B\x12\x08\xce\x8b+\xcb[\xd4\xf52:ip4:\x82\xe5\x81s5:nodes208:\xc5\x14n@\xb1\xdd\xd6\x82\xa7\xb9#\x8b\xb2\xfc(\xe49lRt|y\xaeL-\x1e\xc5\x10gd\xea\xe9\x10`\x9f\xdd\xff\xf2J\xeblm\xec\xdf\r\xb8N`g2\xc7;\xc5\x10g,/%rk\x90\xe5\xca\xdd\x0f*\xef\xd1Km\x88!\x187\xa3\\\\u\xc5\x13\x95\xb5\xb8\xd3\xfcD)\rb\xf0\xd0\t\xa8\x9d\x827\x19/^\xb43E\x95\xd7\xc5\x19\x15%\x19Cb!\xc1\xbd\xe1\x15\xca*?RY\xef\xdb\x02\xb4\xb1Z\x8394\xc5*\x833\xf5\xaa\xd9\x10\x18\xb5=\x19\x12.\xee\xdf\xb32\xfbFZ\xd1\xc2\t\xc8\xd5\xc5+\x9c\x8dX\xce\xd9\xa7\xdf\xfcE\xbe\xc8\xf9eVU\x90*\xadU2\x94\x0c6\xa4\xc5;\x88\x89\xfb\xb5\x04\x94\x9e\xc2<\r\x14\xff\xeb\x0e\x1c\xfd\xeaeFC\x0e\x9aUIe1:t2:`\x001:v4:UTbs1:y1:re'
tp161
a(F1313771831.948086
(S'178.49.41.198'
I42537
tp162
I00
S'd1:rd2:id20:\xc4 \xdc".\x01\xb5\t\xb8GW!}\x1eZ\x92\x91>\xf2\x1a5:nodes208:\xc63!\xe9J\xab\xe8Bu\xc5\x0c\xc0}m\x17\xd5\xd7\xd2\xcdI\xb6\x17\x18B\x04+\xc66\xd9\x06r\xc8\xa3gNt&\x90\x00\x14`\xd5\x9c?\x1d\x1f.m\xa5%%\x17\xc6\x06\x92\xbbq\xb8\x84\x0e\x86p\xb1\x85\x1fQ\xac\x01q\xd1#L@.\x00\x07\x98\x04\xc7U\x1d^\x03J\x83\x9f$z{]={\xd7l\xdej\xcb\x87]\x89\xcd\xe67G\xc7_\x86\x9b\x91\x06A>\xbfX\xed\x8a\x87\xf8\xdd\x06NJ\xd6\xf7)\xc9BN`\x15\xc7\x1a\xda\xe1\xa9\xaf\xb1\xda~)\x94z\x05\x9dX\x10\xe1w\xc7\x0e\x18\xe2\xb0\x06.\x18\xc7\x1c\xd3\xfbL\xed}\xe3\x1e\x18U\x8b\xd6$\xdbD\x0f\x8e\xa1#G\xa6\x7f\xa9\xc6\xff\xc7\xc4_\xf9\xbb+H[\xbfi\x0e\xa7\xe9}\x0f\xe2NK\xe1_v\xa8m9A\xf1e1:t2:a\x001:v4:UT7H1:y1:re'
tp163
a(F1313771832.105813
(S'213.22.231.68'
I40152
tp164
I00
S'd1:rd2:id20:*\xed\xbd\xc8\x1d\x97\xdd\xdf\xda\x8eP#K\xa6\xfd\x04\x86\x03D\xe02:ip4:\x82\xe5\x81s5:nodes26:*\xed\xb8\x8f\xb6\xc6\x08\x81\x81\xad\x06D\xae\x08jN\x1e\xc6\xd2\x18T\xd1R\xc1X\x0f5:token20:\x8e\x17\xa3\x90bA\xbdh\x1a\xb8\\\xbd;\x86L\xd78o7\xb16:valuesl6:b\xc2F\xe2\xdbD6:F\x1a\xa3KC\x846:\xc9\x11\xba_\xaaf6:E\x1f\xd2BV\t6:A\x1e2\xe8\x8f\xe56:Z\xc6\xfb\x1d\xb9\xc76:L~0Q\xa3\xca6:\xc9\t1b\xdd"6:\x186t?\xact6:w\x9bu\x94\x96R6:\xb8\x0e0T*\x1c6:U\xe2\xdfMne6:\xcb-\xce\xe6\xadx6:LC\\;\xfb\xe86:G\\1@\xe8N6:\x18\xdc\xd7\xb1\xa5\xb36:\x8eD%\xea\xf9\xd76:\xca?,$q\x9c6:R\x1e\x99\xdc\xcf\x886:^\x00=\xc7\x8b\xf66:R\x88\xeaT\xea\xbe6:o\xea\x94\xe9\xb9W6:\x18\xf6\x15\x15\xc8\xd56:p\xd2\xc0\xaa\xc8e6:2$;\xd3\x8b\xb56:_\xb4\'\xd4\x9a\xca6:F080\xfb\x8d6:]W\xcd\x07e\xd16:M\xa3\xee\xf7\xf9/6:S\xfa\xd3\xc2a*6:N\x90x\xc8q\xd06:\xde\x7f?\xde\x99\x876:H\\@q\xb7\x9b6:L\x12\x1c\xf1\xb7\xf16:H\xf0\xe6s\xbb\x856:\xb8\x13\xc0\xab\xc6%6:\xd5\x07\x80\xb5.\xb06:NV6I`\xf36:\xd8\x10\xd6/xL6:\xad\xb4O\x06\xc3\xfc6:T\xd7p}b\x156:\xb2\xdf%I\xe4\xe16:\x18\x142\xa3\x9e\xa26:\xaf\x88U\x92\xbb\xd46:z7\x1cBk\xeb6:\xad\xad_\xc6H\x0b6:GR\x8b\xb6l\x066:NV\xd5\xf1*s6:VQ\x1f\x80\x15\xb36:N~\xae\xd6CM6:<0\xbc\xe8L\x806:Q\x98&v\xe9\x126:E\x0b\xcdJNT6:\x18~\xf3\xc7\xdd\x026:\xc9\xe2\xa4"lg6:\xad\xbf\xc97\x9a\x9e6:\xce|\xc3\xb0L\x986:G3\xc0\x13\xea\xc16:Y*P\x15\xd3\x946:YM\xe4\x9ber6:q\xd2\xe6?](6:Md\xb6\x17\xc4F6:N\x96\x03\x12\x93{6:@8\xe90os6:]WjIvL6:{\xedL\xe9\xf0Z6:q\xbeN\xf1\xf1\x966:x\x1dI\xea\xae(6:Y\x98T"9j6:p\xcf\xc9\xd9\xca\xf46:`\x1e\xa8n\x86K6:^\xfa\x7f\xdbI\xf56:K\x87\x97\xd7`"6:wI \xe9\xfb\x976:Xn\x99DI[6:E\xb0\xa2i,\xf96:C\xac\x172\x96\x1f6:`\xf5\xc7O\xfc\xa96:\x02\x7fhh\xb0P6:Y\xac\xd3\x17>\xaf6:\xaew\x95\x90l)6:\xd8y\x8b\xac\xc8\xd56:\xd5Y\xc7qX\xd46:D\x96\xb2nR\xea6:G>"#]W6:_\xd1Y\xfb\xfc\xa26:^\xe2\x8aOB\x8d6:UJ|\x88h\xf56:\xdf\x1b\x81\xf6\x87\x006:\xc9WhbE\xfe6:\x02\x7f\x0e\x0b\xc6\xc46:VQ\x1aPM\xe66:c\xfaqc;\xe76:\xd5\xb9\x08\xb6!46:P\xd85m\xe1\xe36:b@R2nN6:|\x13\tL\xc1z6:\x02bU\x01\x92\xe06:Y\x97\xc7j}|6:\xb4\xbe\x81\xfcT\xa06:)\xd2\x06\xcf\x95s6:\xaf\x8ac\xfe\xe8:6:b\xe4=f\xd8\x176:2i.FTY6:\xd8\xc5\xbe\xcaP\xae6:\xcc\x10\xca\x83\xd1\x926:\xc6c\xbe\xee\xb2\x116:\xbc3L#\xe0\xcb6:lV\xb0Sc86:HZRZ\x8a\x0c6:ca\xdb\x8b\xd926:p\x86z,+\xed6:\xbd#X\xb0A\xc26:c\x19|\xd5\xb2r6:^\x9f\xd3\xcf\xcb\x806:P\x1e\x88\xf2[\xfa6:.\x0c\x96\x1e\xe2\xf76:FH\xa3\xd7\xc8\xd56:Z\xc2\xfc\xd3\xcf\x7f6:V<\x85\xa0t\xb26:^E_\x01\x98\xa66:m\x90\xde\xa6\x91\xce6:]\x8f\x9b\x06\xda\x926:^\xcb\tT\'\xb46:\xd9y\xf9T\x93w6:.\xa2f\xf0\xf156:N\x85I\xb1Z\x886:\x86\x99\x05\x86\xabk6:b}\xf8\n\xfb\x916:^CH$\xc3\xf96:F\xb9\xfby\x89\xf06:F,\xe8\x16\xbf\xb96:Og l{@6:JM\xc7\n\xd7\xb16:Q\xcc,\xbd\x99}6:D5\xd5\xc4\xe2\xd76:c\xec\xec\x04\xc8\xd56:\xca\x98U\x8b\xbcR6:\xbc4\x18`M86:O\x01\xe8lt\xea6:\x02\xdc\xf1\xb0\xb5\xcd6:R\x13\x12xB\x0c6:T*\xee\x1f\x92\x9a6:Me\x18\xf5=\xf36:w\xe0GR\x8c\xb86:)\xdct\x0b\xae\xbc6:\xc8R\xb3\x1f\x8b*6:`1S\xa2\xb5w6:N\x90\x8b\xd0\xb896:\x18\x8e"V5\x9a6:_"{\x0cf\xdc6:\x18\x80\xa9d\x91E6:)\xfa\xb3tt*6:]\x9dH\x88t\x896:\x18\xf1h\xcb\xc2\x866:`\x18!\x174\x8c6:U\xf7\x87\xb1\xe2\xad6:2$\xb8\x1f\xc8\xf26:\xae\x06X\xd8\xba\x866:Q\xa732\xc0\xfaee1:t2:\\\x001:v4:UTa\x931:y1:re'
tp165
a(F1313771832.208822
(S'118.130.60.59'
I6881
tI00
S"d1:rd2:id20:*\xed\xbc[U\x17\x02\xee\x8cPM\xbf\xb2s\xc2\xeb\xfe\x84\xa4u2:ip4:\x82\xe5\x81s5:nodes208:*\xed\xba\xc6*\x9d<\x18]\x0e\xc0f\x02\xcd,\x99\x93\x1b\xeemMz\x98\x0bf\x99*\xed\xbd\xc8\x1d\x97\xdd\xdf\xda\x8eP#K\xa6\xfd\x04\x86\x03D\xe0\xd5\x16\xe7D\x9c\xd8*\xed\xb4?K\xb2V\x18\xdc\xda\xc4\xb0\xdc\x16\xc6\x15vR\xfb\x06\x18\xb8y\xb3\xa5\xc9*\xed\xac\xd8\xe4\xeb\x89\x00 \xad\x13m\x10\xe9\xf5\xd5e\x98\x03%\\\x98\xeb\x8f;W*\xed\xae^\x9d\xa5gbh\xfe\x07\x98\x88 \x0b\xc6=\xaa\x95\x19o\xfeJ\x1dJ\xa6*\xed\xabV\x92D5\xb7\xcc\x9197\\\xads\x1e\xef)x\xaf\xaf\xd4\x8b\xa8\xe2G*\xed\x88\xa8\xb9\xb1\x8f'\xb9$k\xce\xad\x98\x8d\x00\x10\xf58L)\xec\x80\x1e\x1a\x19*\xed\x8d@\xab/\r\xb1\x00\x976\x94\xf2\x99\xd3\xb3\x00\xc9\x98\xac1\xc8\x08\xa7\xe4\xf65:token4:\xe7dqB6:valuesl6:\x188\xcc\xf3f\x946:.\xb1\x0f\xe1\xb8\xea6:D\xcf\x88j\xb3i6:F\x1b\x11\x14\xbeM6:G\xbd\x12\xfa\x8a\x056:Q+\xf3\xf0\xcb\xb26:S\xe9\xe4\xa1\xed\xe96:T&V\xd4\x89\x086:\\\x1c\xae\xb7\xb3\x186:q\xbeN\xf1\xf1\x966:\xadY\xd2\x1d.\x1e6:\xaf\x90\xfd\xdcXa6:\xcb\xceA[\x1a\xe16:\xd9\x9f\xb6\x82\x90\x9aee1:t2:^\x001:v4:LT\x00\x0f1:y1:re"
tp166
a(F1313771832.9196489
(S'108.82.245.79'
I7587
tp167
I01
S'd1:ad2:id20:\xc5\x04\x10\xfc\xa8\xf5\x9d\xff\x7f\xffj\r\xc6\xd0\xe0\xf2\x14f,\xd46:target20:\xc5\x04\x10\xfc\xa8\xf5\x9d\xff\x7f\xffj\r\xc6\xd0\xe0\xf2\x14f,\xd4e1:q9:find_node1:t2:b\x001:v4:NS\x01\x181:y1:qe'
tp168
a(F1313771832.976455
(S'189.111.254.142'
I11168
tI00
S'd1:rd2:id20:\xc5\x0c\xc5]\xfb\xe1#\xf1v\x07(\xb8\xe0\xd0\xf2)_\x1e\xea\xd95:nodes208:\xc5\x06\x01\xcbp\xe8\xf7U\xcd\x1b\xbf\x18o\xb9\x9d\x9e\xc4F\x8e7V\xa4\x9d!+\x11\xc5\x04\xc2UY\n\xd9*\xf6\xe2\xe0\x99\xaco\x1e\x92\xbe\xbd<WO|Iq\x06\xbb\xc5\x00\xa9\x93P\x1bew\xa4d\xfe\x92\xdeT\x95\xd5>\xfa\x90\\Q\xca!\x08&\x1c\xc5\x06\x07\xa5\x1d)V\xcf\x98\x10\xdf\xbeq\xd4\xe5\xf42\xa9]\xe8\xbd#\xf5\x8a&o\xc5\x04\xee&c\xb6\xe1\x8b\x91\xaa\xea\x93/o\xab\xedv\xfc`uW\xe3=C\xef\xc9\xc5\x05:\xe8i\xf5\x14\xa1\xaf\x15\x1d\x873!vN\xb1uVZH\x91\xb8q*\x88\xc5\x02_\xfc<\xa4\xa7\xdc\xb3=\x1d\xf3@^\xa0\xf5\xd8\xf8\xf0\xf0\xb4\t\xc8-\x1d\xa5\xc5\x07:w\xf7\xd0\x95\xac\xfa\xc1o\x92\xbff\xdfH\xbbM6\xebcFYqihe1:t2:!\x001:y1:re'
tp169
a.